2024-09-05 23:47:14,939 - INFO - Starting Bayesian optimization for q_learning agent
2024-09-05 23:47:15,007 - INFO - Trial 0: Parameters: {'learning_rate': 0.0647515651369538, 'discount_factor': 0.9159131378825791, 'epsilon': 0.4622266064189441, 'epsilon_decay': 0.9998458890303844}, Performance: 0.0
2024-09-05 23:47:15,073 - INFO - Trial 1: Parameters: {'learning_rate': 0.07670083482270162, 'discount_factor': 0.9768338003691158, 'epsilon': 0.3594616919610706, 'epsilon_decay': 0.9957267469191621}, Performance: 0.0
2024-09-05 23:47:15,156 - INFO - Trial 2: Parameters: {'learning_rate': 0.08985340762585482, 'discount_factor': 0.9334972700424409, 'epsilon': 0.4838653733948374, 'epsilon_decay': 0.9912479592633139}, Performance: 0.0
2024-09-05 23:47:15,215 - INFO - Trial 3: Parameters: {'learning_rate': 0.08911340286889081, 'discount_factor': 0.9791048653777743, 'epsilon': 0.19999685270221504, 'epsilon_decay': 0.9991697656220637}, Performance: 0.0
2024-09-05 23:47:15,272 - INFO - Trial 4: Parameters: {'learning_rate': 0.004663601762773787, 'discount_factor': 0.9416694836419777, 'epsilon': 0.3051395133550092, 'epsilon_decay': 0.9970169520760476}, Performance: 0.0
2024-09-05 23:47:15,272 - INFO - Bayesian optimization completed. Best parameters: {'learning_rate': 0.0647515651369538, 'discount_factor': 0.9159131378825791, 'epsilon': 0.4622266064189441, 'epsilon_decay': 0.9998458890303844}, Best performance: 0.0
2024-09-05 23:47:15,273 - INFO - Starting grid search for q_learning agent
2024-09-05 23:47:15,339 - INFO - Parameters: {'learning_rate': 0.01, 'discount_factor': 0.9, 'epsilon': 0.1, 'epsilon_decay': 0.99}, Performance: 0.0
2024-09-05 23:47:15,411 - INFO - Parameters: {'learning_rate': 0.01, 'discount_factor': 0.9, 'epsilon': 0.1, 'epsilon_decay': 0.999}, Performance: 0.0
2024-09-05 23:47:15,470 - INFO - Parameters: {'learning_rate': 0.01, 'discount_factor': 0.9, 'epsilon': 0.2, 'epsilon_decay': 0.99}, Performance: 0.0
2024-09-05 23:47:15,530 - INFO - Parameters: {'learning_rate': 0.01, 'discount_factor': 0.9, 'epsilon': 0.2, 'epsilon_decay': 0.999}, Performance: 0.0
2024-09-05 23:47:15,598 - INFO - Parameters: {'learning_rate': 0.01, 'discount_factor': 0.99, 'epsilon': 0.1, 'epsilon_decay': 0.99}, Performance: 0.0
2024-09-05 23:47:15,661 - INFO - Parameters: {'learning_rate': 0.01, 'discount_factor': 0.99, 'epsilon': 0.1, 'epsilon_decay': 0.999}, Performance: 0.0
2024-09-05 23:47:15,729 - INFO - Parameters: {'learning_rate': 0.01, 'discount_factor': 0.99, 'epsilon': 0.2, 'epsilon_decay': 0.99}, Performance: 0.0
2024-09-05 23:47:15,788 - INFO - Parameters: {'learning_rate': 0.01, 'discount_factor': 0.99, 'epsilon': 0.2, 'epsilon_decay': 0.999}, Performance: 0.0
2024-09-05 23:47:15,852 - INFO - Parameters: {'learning_rate': 0.1, 'discount_factor': 0.9, 'epsilon': 0.1, 'epsilon_decay': 0.99}, Performance: 0.0
2024-09-05 23:47:15,919 - INFO - Parameters: {'learning_rate': 0.1, 'discount_factor': 0.9, 'epsilon': 0.1, 'epsilon_decay': 0.999}, Performance: 0.0
2024-09-05 23:47:15,986 - INFO - Parameters: {'learning_rate': 0.1, 'discount_factor': 0.9, 'epsilon': 0.2, 'epsilon_decay': 0.99}, Performance: 0.0
2024-09-05 23:47:16,045 - INFO - Parameters: {'learning_rate': 0.1, 'discount_factor': 0.9, 'epsilon': 0.2, 'epsilon_decay': 0.999}, Performance: 0.0
2024-09-05 23:47:16,117 - INFO - Parameters: {'learning_rate': 0.1, 'discount_factor': 0.99, 'epsilon': 0.1, 'epsilon_decay': 0.99}, Performance: 0.0
2024-09-05 23:47:16,176 - INFO - Parameters: {'learning_rate': 0.1, 'discount_factor': 0.99, 'epsilon': 0.1, 'epsilon_decay': 0.999}, Performance: 0.0
2024-09-05 23:47:16,234 - INFO - Parameters: {'learning_rate': 0.1, 'discount_factor': 0.99, 'epsilon': 0.2, 'epsilon_decay': 0.99}, Performance: 0.0
2024-09-05 23:47:16,292 - INFO - Parameters: {'learning_rate': 0.1, 'discount_factor': 0.99, 'epsilon': 0.2, 'epsilon_decay': 0.999}, Performance: 0.0
2024-09-05 23:47:16,292 - INFO - Grid search completed. Best parameters: {'learning_rate': 0.01, 'discount_factor': 0.9, 'epsilon': 0.1, 'epsilon_decay': 0.99}, Best performance: 0.0
2024-09-05 23:47:16,292 - INFO - Starting random search for q_learning agent
2024-09-05 23:47:16,350 - INFO - Parameters: {'learning_rate': 0.0017693162204257765, 'discount_factor': 0.9721246691016737, 'epsilon': 0.43781088370759513, 'epsilon_decay': 0.9910079763731166}, Performance: 0.0
2024-09-05 23:47:16,421 - INFO - Parameters: {'learning_rate': 0.05896748362176574, 'discount_factor': 0.9741132576596029, 'epsilon': 0.16393307613017055, 'epsilon_decay': 0.9912958137027418}, Performance: 0.0
2024-09-05 23:47:16,486 - INFO - Parameters: {'learning_rate': 0.09311318323575371, 'discount_factor': 0.9732732465107105, 'epsilon': 0.1719059630819006, 'epsilon_decay': 0.998670176521008}, Performance: 0.0
2024-09-05 23:47:16,539 - INFO - Parameters: {'learning_rate': 0.09702882225889756, 'discount_factor': 0.9565635420846643, 'epsilon': 0.3716757688600285, 'epsilon_decay': 0.9934025677494684}, Performance: 0.0
2024-09-05 23:47:16,600 - INFO - Parameters: {'learning_rate': 0.08779875179299404, 'discount_factor': 0.9539463935472353, 'epsilon': 0.4820350814739347, 'epsilon_decay': 0.9970607521489472}, Performance: 0.0
2024-09-05 23:47:16,600 - INFO - Random search completed. Best parameters: {'learning_rate': 0.0017693162204257765, 'discount_factor': 0.9721246691016737, 'epsilon': 0.43781088370759513, 'epsilon_decay': 0.9910079763731166}, Best performance: 0.0
2024-09-05 23:49:46,472 - INFO - Starting Bayesian optimization for q_learning agent
2024-09-05 23:49:46,545 - INFO - Trial 0: Parameters: {'learning_rate': 0.07679994744784271, 'discount_factor': 0.9559642824196573, 'epsilon': 0.11399720352822236, 'epsilon_decay': 0.9992755535084779}, Performance: 0.0
2024-09-05 23:49:46,627 - INFO - Trial 1: Parameters: {'learning_rate': 0.00985209511815139, 'discount_factor': 0.9598672404983134, 'epsilon': 0.1706371686871644, 'epsilon_decay': 0.9934723723201644}, Performance: 0.0
2024-09-05 23:49:46,694 - INFO - Trial 2: Parameters: {'learning_rate': 0.04469463579793819, 'discount_factor': 0.9069163755378625, 'epsilon': 0.16710428557139734, 'epsilon_decay': 0.9967432231120885}, Performance: 0.0
2024-09-05 23:49:46,748 - INFO - Trial 3: Parameters: {'learning_rate': 0.017886399704981355, 'discount_factor': 0.9098153764444122, 'epsilon': 0.261152247476497, 'epsilon_decay': 0.9969965564988776}, Performance: 0.0
2024-09-05 23:49:46,803 - INFO - Trial 4: Parameters: {'learning_rate': 0.09220066649797073, 'discount_factor': 0.9423942389809682, 'epsilon': 0.34011708344787106, 'epsilon_decay': 0.9939376436049916}, Performance: 0.0
2024-09-05 23:49:46,803 - INFO - Bayesian optimization completed. Best parameters: {'learning_rate': 0.07679994744784271, 'discount_factor': 0.9559642824196573, 'epsilon': 0.11399720352822236, 'epsilon_decay': 0.9992755535084779}, Best performance: 0.0
2024-09-05 23:49:46,804 - INFO - Starting grid search for q_learning agent
2024-09-05 23:49:46,871 - INFO - Parameters: {'learning_rate': 0.01, 'discount_factor': 0.9, 'epsilon': 0.1, 'epsilon_decay': 0.99}, Performance: 0.0
2024-09-05 23:49:46,932 - INFO - Parameters: {'learning_rate': 0.01, 'discount_factor': 0.9, 'epsilon': 0.1, 'epsilon_decay': 0.999}, Performance: 0.0
2024-09-05 23:49:46,995 - INFO - Parameters: {'learning_rate': 0.01, 'discount_factor': 0.9, 'epsilon': 0.2, 'epsilon_decay': 0.99}, Performance: 0.0
2024-09-05 23:49:47,059 - INFO - Parameters: {'learning_rate': 0.01, 'discount_factor': 0.9, 'epsilon': 0.2, 'epsilon_decay': 0.999}, Performance: 0.0
2024-09-05 23:49:47,122 - INFO - Parameters: {'learning_rate': 0.01, 'discount_factor': 0.99, 'epsilon': 0.1, 'epsilon_decay': 0.99}, Performance: 0.0
2024-09-05 23:49:47,180 - INFO - Parameters: {'learning_rate': 0.01, 'discount_factor': 0.99, 'epsilon': 0.1, 'epsilon_decay': 0.999}, Performance: 0.0
2024-09-05 23:49:47,243 - INFO - Parameters: {'learning_rate': 0.01, 'discount_factor': 0.99, 'epsilon': 0.2, 'epsilon_decay': 0.99}, Performance: 0.0
2024-09-05 23:49:47,304 - INFO - Parameters: {'learning_rate': 0.01, 'discount_factor': 0.99, 'epsilon': 0.2, 'epsilon_decay': 0.999}, Performance: 0.0
2024-09-05 23:49:47,374 - INFO - Parameters: {'learning_rate': 0.1, 'discount_factor': 0.9, 'epsilon': 0.1, 'epsilon_decay': 0.99}, Performance: 0.0
2024-09-05 23:49:47,431 - INFO - Parameters: {'learning_rate': 0.1, 'discount_factor': 0.9, 'epsilon': 0.1, 'epsilon_decay': 0.999}, Performance: 0.0
2024-09-05 23:49:47,495 - INFO - Parameters: {'learning_rate': 0.1, 'discount_factor': 0.9, 'epsilon': 0.2, 'epsilon_decay': 0.99}, Performance: 0.0
2024-09-05 23:49:47,555 - INFO - Parameters: {'learning_rate': 0.1, 'discount_factor': 0.9, 'epsilon': 0.2, 'epsilon_decay': 0.999}, Performance: 0.0
2024-09-05 23:49:47,623 - INFO - Parameters: {'learning_rate': 0.1, 'discount_factor': 0.99, 'epsilon': 0.1, 'epsilon_decay': 0.99}, Performance: 0.0
2024-09-05 23:49:47,693 - INFO - Parameters: {'learning_rate': 0.1, 'discount_factor': 0.99, 'epsilon': 0.1, 'epsilon_decay': 0.999}, Performance: 0.0
2024-09-05 23:49:47,757 - INFO - Parameters: {'learning_rate': 0.1, 'discount_factor': 0.99, 'epsilon': 0.2, 'epsilon_decay': 0.99}, Performance: 0.0
2024-09-05 23:49:47,823 - INFO - Parameters: {'learning_rate': 0.1, 'discount_factor': 0.99, 'epsilon': 0.2, 'epsilon_decay': 0.999}, Performance: 0.0
2024-09-05 23:49:47,823 - INFO - Grid search completed. Best parameters: {'learning_rate': 0.01, 'discount_factor': 0.9, 'epsilon': 0.1, 'epsilon_decay': 0.99}, Best performance: 0.0
2024-09-05 23:49:47,823 - INFO - Starting random search for q_learning agent
2024-09-05 23:49:47,892 - INFO - Parameters: {'learning_rate': 0.0459637044706828, 'discount_factor': 0.9379092184943403, 'epsilon': 0.10816256301399917, 'epsilon_decay': 0.9973066644486007}, Performance: 0.0
2024-09-05 23:49:47,951 - INFO - Parameters: {'learning_rate': 0.04274094370895572, 'discount_factor': 0.9758089918017214, 'epsilon': 0.2579772164214905, 'epsilon_decay': 0.9993568012426801}, Performance: 0.0
2024-09-05 23:49:48,018 - INFO - Parameters: {'learning_rate': 0.08660138438117863, 'discount_factor': 0.9752979415898486, 'epsilon': 0.16640228693246084, 'epsilon_decay': 0.9964132141557256}, Performance: 0.0
2024-09-05 23:49:48,072 - INFO - Parameters: {'learning_rate': 0.06154388934461768, 'discount_factor': 0.9164057128497446, 'epsilon': 0.36114235693451036, 'epsilon_decay': 0.9934236436746564}, Performance: 0.0
2024-09-05 23:49:48,127 - INFO - Parameters: {'learning_rate': 0.015544794617881871, 'discount_factor': 0.9373613232840899, 'epsilon': 0.4918376170085985, 'epsilon_decay': 0.9956444617391621}, Performance: 0.0
2024-09-05 23:49:48,128 - INFO - Random search completed. Best parameters: {'learning_rate': 0.0459637044706828, 'discount_factor': 0.9379092184943403, 'epsilon': 0.10816256301399917, 'epsilon_decay': 0.9973066644486007}, Best performance: 0.0
2024-09-05 23:49:48,843 - INFO - Using categorical units to plot a list of strings that are all parsable as floats or dates. If these strings should be plotted as numbers, cast to the appropriate data type before plotting.
2024-09-05 23:49:48,845 - INFO - Using categorical units to plot a list of strings that are all parsable as floats or dates. If these strings should be plotted as numbers, cast to the appropriate data type before plotting.
2024-09-05 23:50:13,935 - INFO - Using categorical units to plot a list of strings that are all parsable as floats or dates. If these strings should be plotted as numbers, cast to the appropriate data type before plotting.
2024-09-05 23:50:13,937 - INFO - Using categorical units to plot a list of strings that are all parsable as floats or dates. If these strings should be plotted as numbers, cast to the appropriate data type before plotting.
2024-09-05 23:53:39,431 - INFO - Starting Bayesian optimization for q_learning agent
2024-09-05 23:53:39,497 - INFO - Trial 0: Parameters: {'learning_rate': 0.025697683001610606, 'discount_factor': 0.9762719346047388, 'epsilon': 0.4385587157049058, 'epsilon_decay': 0.992121594176255}, Performance: 0.0
2024-09-05 23:53:39,579 - INFO - Trial 1: Parameters: {'learning_rate': 0.08294741897094653, 'discount_factor': 0.9523576182051623, 'epsilon': 0.30362876498403557, 'epsilon_decay': 0.9923154736962361}, Performance: 0.0
2024-09-05 23:53:39,653 - INFO - Trial 2: Parameters: {'learning_rate': 0.001279706220652944, 'discount_factor': 0.94519427665399, 'epsilon': 0.3170138343465638, 'epsilon_decay': 0.997843032359359}, Performance: 0.0
2024-09-05 23:53:39,710 - INFO - Trial 3: Parameters: {'learning_rate': 0.00546475646791256, 'discount_factor': 0.9202134730120204, 'epsilon': 0.3040530081309545, 'epsilon_decay': 0.9900778269201513}, Performance: 0.0
2024-09-05 23:53:39,785 - INFO - Trial 4: Parameters: {'learning_rate': 0.03884869431872463, 'discount_factor': 0.9305012644726519, 'epsilon': 0.19465188890196783, 'epsilon_decay': 0.9938740960328629}, Performance: 0.0
2024-09-05 23:53:39,786 - INFO - Bayesian optimization completed. Best parameters: {'learning_rate': 0.025697683001610606, 'discount_factor': 0.9762719346047388, 'epsilon': 0.4385587157049058, 'epsilon_decay': 0.992121594176255}, Best performance: 0.0
2024-09-05 23:53:39,786 - INFO - Starting grid search for q_learning agent
2024-09-05 23:53:39,857 - INFO - Parameters: {'learning_rate': 0.01, 'discount_factor': 0.9, 'epsilon': 0.1, 'epsilon_decay': 0.99}, Performance: 0.0
2024-09-05 23:53:39,924 - INFO - Parameters: {'learning_rate': 0.01, 'discount_factor': 0.9, 'epsilon': 0.1, 'epsilon_decay': 0.999}, Performance: 0.0
2024-09-05 23:53:39,986 - INFO - Parameters: {'learning_rate': 0.01, 'discount_factor': 0.9, 'epsilon': 0.2, 'epsilon_decay': 0.99}, Performance: 0.0
2024-09-05 23:53:40,047 - INFO - Parameters: {'learning_rate': 0.01, 'discount_factor': 0.9, 'epsilon': 0.2, 'epsilon_decay': 0.999}, Performance: 0.0
2024-09-05 23:53:40,118 - INFO - Parameters: {'learning_rate': 0.01, 'discount_factor': 0.99, 'epsilon': 0.1, 'epsilon_decay': 0.99}, Performance: 0.0
2024-09-05 23:53:40,183 - INFO - Parameters: {'learning_rate': 0.01, 'discount_factor': 0.99, 'epsilon': 0.1, 'epsilon_decay': 0.999}, Performance: 0.0
2024-09-05 23:53:40,239 - INFO - Parameters: {'learning_rate': 0.01, 'discount_factor': 0.99, 'epsilon': 0.2, 'epsilon_decay': 0.99}, Performance: 0.0
2024-09-05 23:53:40,297 - INFO - Parameters: {'learning_rate': 0.01, 'discount_factor': 0.99, 'epsilon': 0.2, 'epsilon_decay': 0.999}, Performance: 0.0
2024-09-05 23:53:40,352 - INFO - Parameters: {'learning_rate': 0.1, 'discount_factor': 0.9, 'epsilon': 0.1, 'epsilon_decay': 0.99}, Performance: 0.0
2024-09-05 23:53:40,419 - INFO - Parameters: {'learning_rate': 0.1, 'discount_factor': 0.9, 'epsilon': 0.1, 'epsilon_decay': 0.999}, Performance: 0.0
2024-09-05 23:53:40,483 - INFO - Parameters: {'learning_rate': 0.1, 'discount_factor': 0.9, 'epsilon': 0.2, 'epsilon_decay': 0.99}, Performance: 0.0
2024-09-05 23:53:40,533 - INFO - Parameters: {'learning_rate': 0.1, 'discount_factor': 0.9, 'epsilon': 0.2, 'epsilon_decay': 0.999}, Performance: 0.0
2024-09-05 23:53:40,600 - INFO - Parameters: {'learning_rate': 0.1, 'discount_factor': 0.99, 'epsilon': 0.1, 'epsilon_decay': 0.99}, Performance: 0.0
2024-09-05 23:53:40,662 - INFO - Parameters: {'learning_rate': 0.1, 'discount_factor': 0.99, 'epsilon': 0.1, 'epsilon_decay': 0.999}, Performance: 0.0
2024-09-05 23:53:40,727 - INFO - Parameters: {'learning_rate': 0.1, 'discount_factor': 0.99, 'epsilon': 0.2, 'epsilon_decay': 0.99}, Performance: 0.0
2024-09-05 23:53:40,793 - INFO - Parameters: {'learning_rate': 0.1, 'discount_factor': 0.99, 'epsilon': 0.2, 'epsilon_decay': 0.999}, Performance: 0.0
2024-09-05 23:53:40,793 - INFO - Grid search completed. Best parameters: {'learning_rate': 0.01, 'discount_factor': 0.9, 'epsilon': 0.1, 'epsilon_decay': 0.99}, Best performance: 0.0
2024-09-05 23:53:40,794 - INFO - Starting random search for q_learning agent
2024-09-05 23:53:40,849 - INFO - Parameters: {'learning_rate': 0.026842325242949747, 'discount_factor': 0.9791146805495742, 'epsilon': 0.28286612214236095, 'epsilon_decay': 0.9953238265037225}, Performance: 0.0
2024-09-05 23:53:40,903 - INFO - Parameters: {'learning_rate': 0.02032333738263599, 'discount_factor': 0.9547767391630511, 'epsilon': 0.3024369627535015, 'epsilon_decay': 0.9960781112261884}, Performance: 0.0
2024-09-05 23:53:40,960 - INFO - Parameters: {'learning_rate': 0.09011355492497634, 'discount_factor': 0.923312771021883, 'epsilon': 0.45509055088997985, 'epsilon_decay': 0.9984417059256593}, Performance: 0.0
2024-09-05 23:53:41,015 - INFO - Parameters: {'learning_rate': 0.0016983152605621952, 'discount_factor': 0.9517816880977902, 'epsilon': 0.3512014173066452, 'epsilon_decay': 0.9923954039846969}, Performance: 0.0
2024-09-05 23:53:41,078 - INFO - Parameters: {'learning_rate': 0.041348712281786056, 'discount_factor': 0.9463176642441699, 'epsilon': 0.1603621973812539, 'epsilon_decay': 0.9901961234658192}, Performance: 0.0
2024-09-05 23:53:41,078 - INFO - Random search completed. Best parameters: {'learning_rate': 0.026842325242949747, 'discount_factor': 0.9791146805495742, 'epsilon': 0.28286612214236095, 'epsilon_decay': 0.9953238265037225}, Best performance: 0.0
2024-09-05 23:53:41,640 - INFO - Using categorical units to plot a list of strings that are all parsable as floats or dates. If these strings should be plotted as numbers, cast to the appropriate data type before plotting.
2024-09-05 23:53:41,642 - INFO - Using categorical units to plot a list of strings that are all parsable as floats or dates. If these strings should be plotted as numbers, cast to the appropriate data type before plotting.
2024-09-05 23:53:41,992 - INFO - Using categorical units to plot a list of strings that are all parsable as floats or dates. If these strings should be plotted as numbers, cast to the appropriate data type before plotting.
2024-09-05 23:53:41,994 - INFO - Using categorical units to plot a list of strings that are all parsable as floats or dates. If these strings should be plotted as numbers, cast to the appropriate data type before plotting.
2024-09-05 23:56:10,027 - INFO - Starting Bayesian optimization for q_learning agent
2024-09-05 23:56:10,100 - INFO - Trial 0: Parameters: {'learning_rate': 0.02317743498955472, 'discount_factor': 0.9687607142182033, 'epsilon': 0.20904184772464843, 'epsilon_decay': 0.9988108108701254}, Performance: 0.0
2024-09-05 23:56:10,182 - INFO - Trial 1: Parameters: {'learning_rate': 0.001033706409861405, 'discount_factor': 0.9799370184981498, 'epsilon': 0.4551783903585366, 'epsilon_decay': 0.9991553834643}, Performance: 0.0
2024-09-05 23:56:10,255 - INFO - Trial 2: Parameters: {'learning_rate': 0.013347496224610896, 'discount_factor': 0.919962982692512, 'epsilon': 0.2794067052447472, 'epsilon_decay': 0.9921921622681824}, Performance: 0.0
2024-09-05 23:56:10,319 - INFO - Trial 3: Parameters: {'learning_rate': 0.003405186079934176, 'discount_factor': 0.9524843012600295, 'epsilon': 0.2904905679171289, 'epsilon_decay': 0.995268864520668}, Performance: 0.0
2024-09-05 23:56:10,381 - INFO - Trial 4: Parameters: {'learning_rate': 0.01584955771789249, 'discount_factor': 0.9858656762277862, 'epsilon': 0.13738159610440356, 'epsilon_decay': 0.991603318629326}, Performance: 0.0
2024-09-05 23:56:10,382 - INFO - Bayesian optimization completed. Best parameters: {'learning_rate': 0.02317743498955472, 'discount_factor': 0.9687607142182033, 'epsilon': 0.20904184772464843, 'epsilon_decay': 0.9988108108701254}, Best performance: 0.0
2024-09-05 23:56:10,382 - INFO - Starting grid search for q_learning agent
2024-09-05 23:56:10,454 - INFO - Parameters: {'learning_rate': 0.01, 'discount_factor': 0.9, 'epsilon': 0.1, 'epsilon_decay': 0.99}, Performance: 0.0
2024-09-05 23:56:10,512 - INFO - Parameters: {'learning_rate': 0.01, 'discount_factor': 0.9, 'epsilon': 0.1, 'epsilon_decay': 0.999}, Performance: 0.0
2024-09-05 23:56:10,577 - INFO - Parameters: {'learning_rate': 0.01, 'discount_factor': 0.9, 'epsilon': 0.2, 'epsilon_decay': 0.99}, Performance: 0.0
2024-09-05 23:56:10,632 - INFO - Parameters: {'learning_rate': 0.01, 'discount_factor': 0.9, 'epsilon': 0.2, 'epsilon_decay': 0.999}, Performance: 0.0
2024-09-05 23:56:10,700 - INFO - Parameters: {'learning_rate': 0.01, 'discount_factor': 0.99, 'epsilon': 0.1, 'epsilon_decay': 0.99}, Performance: 0.0
2024-09-05 23:56:10,769 - INFO - Parameters: {'learning_rate': 0.01, 'discount_factor': 0.99, 'epsilon': 0.1, 'epsilon_decay': 0.999}, Performance: 0.0
2024-09-05 23:56:10,828 - INFO - Parameters: {'learning_rate': 0.01, 'discount_factor': 0.99, 'epsilon': 0.2, 'epsilon_decay': 0.99}, Performance: 0.0
2024-09-05 23:56:10,884 - INFO - Parameters: {'learning_rate': 0.01, 'discount_factor': 0.99, 'epsilon': 0.2, 'epsilon_decay': 0.999}, Performance: 0.0
2024-09-05 23:56:10,952 - INFO - Parameters: {'learning_rate': 0.1, 'discount_factor': 0.9, 'epsilon': 0.1, 'epsilon_decay': 0.99}, Performance: 0.0
2024-09-05 23:56:11,018 - INFO - Parameters: {'learning_rate': 0.1, 'discount_factor': 0.9, 'epsilon': 0.1, 'epsilon_decay': 0.999}, Performance: 0.0
2024-09-05 23:56:11,080 - INFO - Parameters: {'learning_rate': 0.1, 'discount_factor': 0.9, 'epsilon': 0.2, 'epsilon_decay': 0.99}, Performance: 0.0
2024-09-05 23:56:11,155 - INFO - Parameters: {'learning_rate': 0.1, 'discount_factor': 0.9, 'epsilon': 0.2, 'epsilon_decay': 0.999}, Performance: 0.0
2024-09-05 23:56:11,217 - INFO - Parameters: {'learning_rate': 0.1, 'discount_factor': 0.99, 'epsilon': 0.1, 'epsilon_decay': 0.99}, Performance: 0.0
2024-09-05 23:56:11,276 - INFO - Parameters: {'learning_rate': 0.1, 'discount_factor': 0.99, 'epsilon': 0.1, 'epsilon_decay': 0.999}, Performance: 0.0
2024-09-05 23:56:11,335 - INFO - Parameters: {'learning_rate': 0.1, 'discount_factor': 0.99, 'epsilon': 0.2, 'epsilon_decay': 0.99}, Performance: 0.0
2024-09-05 23:56:11,394 - INFO - Parameters: {'learning_rate': 0.1, 'discount_factor': 0.99, 'epsilon': 0.2, 'epsilon_decay': 0.999}, Performance: 0.0
2024-09-05 23:56:11,395 - INFO - Grid search completed. Best parameters: {'learning_rate': 0.01, 'discount_factor': 0.9, 'epsilon': 0.1, 'epsilon_decay': 0.99}, Best performance: 0.0
2024-09-05 23:56:11,395 - INFO - Starting random search for q_learning agent
2024-09-05 23:56:11,448 - INFO - Parameters: {'learning_rate': 0.03801843259641561, 'discount_factor': 0.9419353372615379, 'epsilon': 0.33671541776495806, 'epsilon_decay': 0.9910337628329441}, Performance: 0.0
2024-09-05 23:56:11,502 - INFO - Parameters: {'learning_rate': 0.01926312988140912, 'discount_factor': 0.9461284632115049, 'epsilon': 0.41378030260519727, 'epsilon_decay': 0.9963566713130212}, Performance: 0.0
2024-09-05 23:56:11,564 - INFO - Parameters: {'learning_rate': 0.06811937407218248, 'discount_factor': 0.9706772296302348, 'epsilon': 0.47545100494125614, 'epsilon_decay': 0.9987888099560417}, Performance: 0.0
2024-09-05 23:56:11,637 - INFO - Parameters: {'learning_rate': 0.06684024763898426, 'discount_factor': 0.9130149970324924, 'epsilon': 0.21744137362720656, 'epsilon_decay': 0.9901831893332799}, Performance: 0.0
2024-09-05 23:56:11,707 - INFO - Parameters: {'learning_rate': 0.09394937798336606, 'discount_factor': 0.9369827209718595, 'epsilon': 0.15279007753204443, 'epsilon_decay': 0.9930264438673727}, Performance: 0.0
2024-09-05 23:56:11,707 - INFO - Random search completed. Best parameters: {'learning_rate': 0.03801843259641561, 'discount_factor': 0.9419353372615379, 'epsilon': 0.33671541776495806, 'epsilon_decay': 0.9910337628329441}, Best performance: 0.0
2024-09-05 23:56:12,277 - INFO - Using categorical units to plot a list of strings that are all parsable as floats or dates. If these strings should be plotted as numbers, cast to the appropriate data type before plotting.
2024-09-05 23:56:12,279 - INFO - Using categorical units to plot a list of strings that are all parsable as floats or dates. If these strings should be plotted as numbers, cast to the appropriate data type before plotting.
2024-09-05 23:56:12,631 - INFO - Using categorical units to plot a list of strings that are all parsable as floats or dates. If these strings should be plotted as numbers, cast to the appropriate data type before plotting.
2024-09-05 23:56:12,633 - INFO - Using categorical units to plot a list of strings that are all parsable as floats or dates. If these strings should be plotted as numbers, cast to the appropriate data type before plotting.
2024-09-05 23:59:18,153 - INFO - Starting Bayesian optimization for q_learning agent
2024-09-05 23:59:18,228 - INFO - Trial 0: Parameters: {'learning_rate': 0.009033148089369536, 'discount_factor': 0.9028258401070387, 'epsilon': 0.16789199763883939, 'epsilon_decay': 0.9978736870392931}, Performance: 0.0
2024-09-05 23:59:18,294 - INFO - Trial 1: Parameters: {'learning_rate': 0.00619058708751189, 'discount_factor': 0.9092303129022893, 'epsilon': 0.38729595942485806, 'epsilon_decay': 0.9979660309549877}, Performance: 0.0
2024-09-05 23:59:18,359 - INFO - Trial 2: Parameters: {'learning_rate': 0.04062662487308505, 'discount_factor': 0.9236683728931858, 'epsilon': 0.31116357749112744, 'epsilon_decay': 0.9908607445266002}, Performance: 0.0
2024-09-05 23:59:18,420 - INFO - Trial 3: Parameters: {'learning_rate': 0.015468760108947889, 'discount_factor': 0.9791857666632042, 'epsilon': 0.13158235966488818, 'epsilon_decay': 0.9915259814713445}, Performance: 0.0
2024-09-05 23:59:18,478 - INFO - Trial 4: Parameters: {'learning_rate': 0.007160107730973178, 'discount_factor': 0.9447647967193376, 'epsilon': 0.4679001976436983, 'epsilon_decay': 0.9988872247144542}, Performance: 0.0
2024-09-05 23:59:18,478 - INFO - Bayesian optimization completed. Best parameters: {'learning_rate': 0.009033148089369536, 'discount_factor': 0.9028258401070387, 'epsilon': 0.16789199763883939, 'epsilon_decay': 0.9978736870392931}, Best performance: 0.0
2024-09-05 23:59:18,478 - INFO - Starting grid search for q_learning agent
2024-09-05 23:59:18,544 - INFO - Parameters: {'learning_rate': 0.01, 'discount_factor': 0.9, 'epsilon': 0.1, 'epsilon_decay': 0.99}, Performance: 0.0
2024-09-05 23:59:18,616 - INFO - Parameters: {'learning_rate': 0.01, 'discount_factor': 0.9, 'epsilon': 0.1, 'epsilon_decay': 0.999}, Performance: 0.0
2024-09-05 23:59:18,676 - INFO - Parameters: {'learning_rate': 0.01, 'discount_factor': 0.9, 'epsilon': 0.2, 'epsilon_decay': 0.99}, Performance: 0.0
2024-09-05 23:59:18,740 - INFO - Parameters: {'learning_rate': 0.01, 'discount_factor': 0.9, 'epsilon': 0.2, 'epsilon_decay': 0.999}, Performance: 0.0
2024-09-05 23:59:18,807 - INFO - Parameters: {'learning_rate': 0.01, 'discount_factor': 0.99, 'epsilon': 0.1, 'epsilon_decay': 0.99}, Performance: 0.0
2024-09-05 23:59:18,870 - INFO - Parameters: {'learning_rate': 0.01, 'discount_factor': 0.99, 'epsilon': 0.1, 'epsilon_decay': 0.999}, Performance: 0.0
2024-09-05 23:59:18,932 - INFO - Parameters: {'learning_rate': 0.01, 'discount_factor': 0.99, 'epsilon': 0.2, 'epsilon_decay': 0.99}, Performance: 0.0
2024-09-05 23:59:18,993 - INFO - Parameters: {'learning_rate': 0.01, 'discount_factor': 0.99, 'epsilon': 0.2, 'epsilon_decay': 0.999}, Performance: 0.0
2024-09-05 23:59:19,053 - INFO - Parameters: {'learning_rate': 0.1, 'discount_factor': 0.9, 'epsilon': 0.1, 'epsilon_decay': 0.99}, Performance: 0.0
2024-09-05 23:59:19,111 - INFO - Parameters: {'learning_rate': 0.1, 'discount_factor': 0.9, 'epsilon': 0.1, 'epsilon_decay': 0.999}, Performance: 0.0
2024-09-05 23:59:19,167 - INFO - Parameters: {'learning_rate': 0.1, 'discount_factor': 0.9, 'epsilon': 0.2, 'epsilon_decay': 0.99}, Performance: 0.0
2024-09-05 23:59:19,226 - INFO - Parameters: {'learning_rate': 0.1, 'discount_factor': 0.9, 'epsilon': 0.2, 'epsilon_decay': 0.999}, Performance: 0.0
2024-09-05 23:59:19,290 - INFO - Parameters: {'learning_rate': 0.1, 'discount_factor': 0.99, 'epsilon': 0.1, 'epsilon_decay': 0.99}, Performance: 0.0
2024-09-05 23:59:19,351 - INFO - Parameters: {'learning_rate': 0.1, 'discount_factor': 0.99, 'epsilon': 0.1, 'epsilon_decay': 0.999}, Performance: 0.0
2024-09-05 23:59:19,414 - INFO - Parameters: {'learning_rate': 0.1, 'discount_factor': 0.99, 'epsilon': 0.2, 'epsilon_decay': 0.99}, Performance: 0.0
2024-09-05 23:59:19,477 - INFO - Parameters: {'learning_rate': 0.1, 'discount_factor': 0.99, 'epsilon': 0.2, 'epsilon_decay': 0.999}, Performance: 0.0
2024-09-05 23:59:19,477 - INFO - Grid search completed. Best parameters: {'learning_rate': 0.01, 'discount_factor': 0.9, 'epsilon': 0.1, 'epsilon_decay': 0.99}, Best performance: 0.0
2024-09-05 23:59:19,477 - INFO - Starting random search for q_learning agent
2024-09-05 23:59:19,537 - INFO - Parameters: {'learning_rate': 0.030520807243246507, 'discount_factor': 0.9667681361952625, 'epsilon': 0.22895945457262032, 'epsilon_decay': 0.997179259536964}, Performance: 0.0
2024-09-05 23:59:19,601 - INFO - Parameters: {'learning_rate': 0.07191477991860076, 'discount_factor': 0.9154785883495313, 'epsilon': 0.38913573275135305, 'epsilon_decay': 0.9971755705338989}, Performance: 0.0
2024-09-05 23:59:19,667 - INFO - Parameters: {'learning_rate': 0.029234628720590447, 'discount_factor': 0.9503328968161842, 'epsilon': 0.23447318927225835, 'epsilon_decay': 0.9997293141779396}, Performance: 0.0
2024-09-05 23:59:19,727 - INFO - Parameters: {'learning_rate': 0.08775917462151693, 'discount_factor': 0.9297079130605926, 'epsilon': 0.3588279502875621, 'epsilon_decay': 0.9930176634550021}, Performance: 0.0
2024-09-05 23:59:19,786 - INFO - Parameters: {'learning_rate': 0.05620739289459052, 'discount_factor': 0.9298860814484433, 'epsilon': 0.188684902100433, 'epsilon_decay': 0.9912059906797107}, Performance: 0.0
2024-09-05 23:59:19,786 - INFO - Random search completed. Best parameters: {'learning_rate': 0.030520807243246507, 'discount_factor': 0.9667681361952625, 'epsilon': 0.22895945457262032, 'epsilon_decay': 0.997179259536964}, Best performance: 0.0
2024-09-05 23:59:20,356 - INFO - Using categorical units to plot a list of strings that are all parsable as floats or dates. If these strings should be plotted as numbers, cast to the appropriate data type before plotting.
2024-09-05 23:59:20,358 - INFO - Using categorical units to plot a list of strings that are all parsable as floats or dates. If these strings should be plotted as numbers, cast to the appropriate data type before plotting.
2024-09-05 23:59:20,720 - INFO - Using categorical units to plot a list of strings that are all parsable as floats or dates. If these strings should be plotted as numbers, cast to the appropriate data type before plotting.
2024-09-05 23:59:20,722 - INFO - Using categorical units to plot a list of strings that are all parsable as floats or dates. If these strings should be plotted as numbers, cast to the appropriate data type before plotting.
2024-09-06 00:32:17,433 - INFO - Starting Bayesian optimization for q_learning agent
2024-09-06 00:32:17,505 - INFO - Trial 0: Parameters: {'learning_rate': 0.012678634442894729, 'discount_factor': 0.9116326737767978, 'epsilon': 0.13208952865951806, 'epsilon_decay': 0.9957868314923614}, Performance: 0.0
2024-09-06 00:32:17,578 - INFO - Trial 1: Parameters: {'learning_rate': 0.004526044479332938, 'discount_factor': 0.902028617510937, 'epsilon': 0.4870358434202099, 'epsilon_decay': 0.9969421319105841}, Performance: 0.0
2024-09-06 00:32:17,652 - INFO - Trial 2: Parameters: {'learning_rate': 0.012612329780063105, 'discount_factor': 0.9582593010241472, 'epsilon': 0.23104444415375794, 'epsilon_decay': 0.9933184305066755}, Performance: 0.0
2024-09-06 00:32:17,730 - INFO - Trial 3: Parameters: {'learning_rate': 0.09161131128616512, 'discount_factor': 0.9891898231235167, 'epsilon': 0.17010577125360615, 'epsilon_decay': 0.9941398974728056}, Performance: 0.0
2024-09-06 00:32:17,793 - INFO - Trial 4: Parameters: {'learning_rate': 0.006063815887764061, 'discount_factor': 0.989132509650827, 'epsilon': 0.48184846756672484, 'epsilon_decay': 0.9947093481842738}, Performance: 0.0
2024-09-06 00:32:17,793 - INFO - Bayesian optimization completed. Best parameters: {'learning_rate': 0.012678634442894729, 'discount_factor': 0.9116326737767978, 'epsilon': 0.13208952865951806, 'epsilon_decay': 0.9957868314923614}, Best performance: 0.0
2024-09-06 00:32:17,794 - INFO - Starting grid search for q_learning agent
2024-09-06 00:32:17,865 - INFO - Parameters: {'learning_rate': 0.01, 'discount_factor': 0.9, 'epsilon': 0.1, 'epsilon_decay': 0.99}, Performance: 0.0
2024-09-06 00:32:17,939 - INFO - Parameters: {'learning_rate': 0.01, 'discount_factor': 0.9, 'epsilon': 0.1, 'epsilon_decay': 0.999}, Performance: 0.0
2024-09-06 00:32:18,001 - INFO - Parameters: {'learning_rate': 0.01, 'discount_factor': 0.9, 'epsilon': 0.2, 'epsilon_decay': 0.99}, Performance: 0.0
2024-09-06 00:32:18,068 - INFO - Parameters: {'learning_rate': 0.01, 'discount_factor': 0.9, 'epsilon': 0.2, 'epsilon_decay': 0.999}, Performance: 0.0
2024-09-06 00:32:18,136 - INFO - Parameters: {'learning_rate': 0.01, 'discount_factor': 0.99, 'epsilon': 0.1, 'epsilon_decay': 0.99}, Performance: 0.0
2024-09-06 00:32:18,200 - INFO - Parameters: {'learning_rate': 0.01, 'discount_factor': 0.99, 'epsilon': 0.1, 'epsilon_decay': 0.999}, Performance: 0.0
2024-09-06 00:32:18,265 - INFO - Parameters: {'learning_rate': 0.01, 'discount_factor': 0.99, 'epsilon': 0.2, 'epsilon_decay': 0.99}, Performance: 0.0
2024-09-06 00:32:18,326 - INFO - Parameters: {'learning_rate': 0.01, 'discount_factor': 0.99, 'epsilon': 0.2, 'epsilon_decay': 0.999}, Performance: 0.0
2024-09-06 00:32:18,386 - INFO - Parameters: {'learning_rate': 0.1, 'discount_factor': 0.9, 'epsilon': 0.1, 'epsilon_decay': 0.99}, Performance: 0.0
2024-09-06 00:32:18,452 - INFO - Parameters: {'learning_rate': 0.1, 'discount_factor': 0.9, 'epsilon': 0.1, 'epsilon_decay': 0.999}, Performance: 0.0
2024-09-06 00:32:18,523 - INFO - Parameters: {'learning_rate': 0.1, 'discount_factor': 0.9, 'epsilon': 0.2, 'epsilon_decay': 0.99}, Performance: 0.0
2024-09-06 00:32:18,582 - INFO - Parameters: {'learning_rate': 0.1, 'discount_factor': 0.9, 'epsilon': 0.2, 'epsilon_decay': 0.999}, Performance: 0.0
2024-09-06 00:32:18,645 - INFO - Parameters: {'learning_rate': 0.1, 'discount_factor': 0.99, 'epsilon': 0.1, 'epsilon_decay': 0.99}, Performance: 0.0
2024-09-06 00:32:18,710 - INFO - Parameters: {'learning_rate': 0.1, 'discount_factor': 0.99, 'epsilon': 0.1, 'epsilon_decay': 0.999}, Performance: 0.0
2024-09-06 00:32:18,771 - INFO - Parameters: {'learning_rate': 0.1, 'discount_factor': 0.99, 'epsilon': 0.2, 'epsilon_decay': 0.99}, Performance: 0.0
2024-09-06 00:32:18,831 - INFO - Parameters: {'learning_rate': 0.1, 'discount_factor': 0.99, 'epsilon': 0.2, 'epsilon_decay': 0.999}, Performance: 0.0
2024-09-06 00:32:18,832 - INFO - Grid search completed. Best parameters: {'learning_rate': 0.01, 'discount_factor': 0.9, 'epsilon': 0.1, 'epsilon_decay': 0.99}, Best performance: 0.0
2024-09-06 00:32:18,832 - INFO - Starting random search for q_learning agent
2024-09-06 00:32:18,896 - INFO - Parameters: {'learning_rate': 0.06645443593481867, 'discount_factor': 0.943458748915435, 'epsilon': 0.16013237438242267, 'epsilon_decay': 0.9983718550345931}, Performance: 0.0
2024-09-06 00:32:18,953 - INFO - Parameters: {'learning_rate': 0.04473073681200532, 'discount_factor': 0.9538701128707178, 'epsilon': 0.47907385715005635, 'epsilon_decay': 0.994204102503609}, Performance: 0.0
2024-09-06 00:32:19,023 - INFO - Parameters: {'learning_rate': 0.0035866657628176933, 'discount_factor': 0.9618628628123841, 'epsilon': 0.3129179948556936, 'epsilon_decay': 0.9947677213670331}, Performance: 0.0
2024-09-06 00:32:19,083 - INFO - Parameters: {'learning_rate': 0.06140807586297702, 'discount_factor': 0.97274970055854, 'epsilon': 0.14867040910110219, 'epsilon_decay': 0.9918042236843615}, Performance: 0.0
2024-09-06 00:32:19,147 - INFO - Parameters: {'learning_rate': 0.07375868748790464, 'discount_factor': 0.92045760359012, 'epsilon': 0.3434866011213832, 'epsilon_decay': 0.9919451734445096}, Performance: 0.0
2024-09-06 00:32:19,147 - INFO - Random search completed. Best parameters: {'learning_rate': 0.06645443593481867, 'discount_factor': 0.943458748915435, 'epsilon': 0.16013237438242267, 'epsilon_decay': 0.9983718550345931}, Best performance: 0.0
2024-09-06 00:37:04,619 - INFO - Starting Bayesian optimization for q_learning agent
2024-09-06 00:37:04,689 - INFO - Trial 0: Parameters: {'learning_rate': 0.004493185368809676, 'discount_factor': 0.932430643850886, 'epsilon': 0.45554866030516317, 'epsilon_decay': 0.990451010050582}, Performance: 0.0
2024-09-06 00:37:04,769 - INFO - Trial 1: Parameters: {'learning_rate': 0.0013449097666753055, 'discount_factor': 0.9726758562926978, 'epsilon': 0.4066525089186972, 'epsilon_decay': 0.9933844346947794}, Performance: 0.0
2024-09-06 00:37:04,835 - INFO - Trial 2: Parameters: {'learning_rate': 0.0058025093849385576, 'discount_factor': 0.984706729711611, 'epsilon': 0.20246928367063033, 'epsilon_decay': 0.9992891115965661}, Performance: 0.0
2024-09-06 00:37:04,903 - INFO - Trial 3: Parameters: {'learning_rate': 0.013575489803519802, 'discount_factor': 0.9726038209444787, 'epsilon': 0.11717775719245621, 'epsilon_decay': 0.9940580729806929}, Performance: 0.0
2024-09-06 00:37:04,968 - INFO - Trial 4: Parameters: {'learning_rate': 0.0019772186504554896, 'discount_factor': 0.9305766865003294, 'epsilon': 0.21348492348618456, 'epsilon_decay': 0.9938081148814626}, Performance: 0.0
2024-09-06 00:37:04,968 - INFO - Bayesian optimization completed. Best parameters: {'learning_rate': 0.004493185368809676, 'discount_factor': 0.932430643850886, 'epsilon': 0.45554866030516317, 'epsilon_decay': 0.990451010050582}, Best performance: 0.0
2024-09-06 00:37:04,969 - INFO - Starting grid search for q_learning agent
2024-09-06 00:37:05,037 - INFO - Parameters: {'learning_rate': 0.01, 'discount_factor': 0.9, 'epsilon': 0.1, 'epsilon_decay': 0.99}, Performance: 0.0
2024-09-06 00:37:05,103 - INFO - Parameters: {'learning_rate': 0.01, 'discount_factor': 0.9, 'epsilon': 0.1, 'epsilon_decay': 0.999}, Performance: 0.0
2024-09-06 00:37:05,163 - INFO - Parameters: {'learning_rate': 0.01, 'discount_factor': 0.9, 'epsilon': 0.2, 'epsilon_decay': 0.99}, Performance: 0.0
2024-09-06 00:37:05,228 - INFO - Parameters: {'learning_rate': 0.01, 'discount_factor': 0.9, 'epsilon': 0.2, 'epsilon_decay': 0.999}, Performance: 0.0
2024-09-06 00:37:05,295 - INFO - Parameters: {'learning_rate': 0.01, 'discount_factor': 0.99, 'epsilon': 0.1, 'epsilon_decay': 0.99}, Performance: 0.0
2024-09-06 00:37:05,370 - INFO - Parameters: {'learning_rate': 0.01, 'discount_factor': 0.99, 'epsilon': 0.1, 'epsilon_decay': 0.999}, Performance: 0.0
2024-09-06 00:37:05,444 - INFO - Parameters: {'learning_rate': 0.01, 'discount_factor': 0.99, 'epsilon': 0.2, 'epsilon_decay': 0.99}, Performance: 0.0
2024-09-06 00:37:05,509 - INFO - Parameters: {'learning_rate': 0.01, 'discount_factor': 0.99, 'epsilon': 0.2, 'epsilon_decay': 0.999}, Performance: 0.0
2024-09-06 00:37:05,575 - INFO - Parameters: {'learning_rate': 0.1, 'discount_factor': 0.9, 'epsilon': 0.1, 'epsilon_decay': 0.99}, Performance: 0.0
2024-09-06 00:37:05,648 - INFO - Parameters: {'learning_rate': 0.1, 'discount_factor': 0.9, 'epsilon': 0.1, 'epsilon_decay': 0.999}, Performance: 0.0
2024-09-06 00:42:27,001 - INFO - Starting Bayesian optimization for q_learning agent
2024-09-06 00:42:27,073 - INFO - Trial 0: Parameters: {'learning_rate': 0.001190810957744862, 'discount_factor': 0.9187656453852316, 'epsilon': 0.13621021064199104, 'epsilon_decay': 0.9936180346271805}, Performance: 0.0
2024-09-06 00:42:27,160 - INFO - Trial 1: Parameters: {'learning_rate': 0.053445124091160846, 'discount_factor': 0.928062112924802, 'epsilon': 0.3606533956720762, 'epsilon_decay': 0.9976989124426889}, Performance: 0.0
2024-09-06 00:42:27,241 - INFO - Trial 2: Parameters: {'learning_rate': 0.0030559204458269124, 'discount_factor': 0.9779685895440262, 'epsilon': 0.1986442362031181, 'epsilon_decay': 0.991570312658912}, Performance: 0.0
2024-09-06 00:42:27,302 - INFO - Trial 3: Parameters: {'learning_rate': 0.023928823064979298, 'discount_factor': 0.9084833804275295, 'epsilon': 0.20746667297231364, 'epsilon_decay': 0.9952067860862159}, Performance: 0.0
2024-09-06 00:42:27,365 - INFO - Trial 4: Parameters: {'learning_rate': 0.0015926293368092692, 'discount_factor': 0.9011614333976296, 'epsilon': 0.4857768457927292, 'epsilon_decay': 0.9945990220682523}, Performance: 0.0
2024-09-06 00:42:27,366 - INFO - Bayesian optimization completed. Best parameters: {'learning_rate': 0.001190810957744862, 'discount_factor': 0.9187656453852316, 'epsilon': 0.13621021064199104, 'epsilon_decay': 0.9936180346271805}, Best performance: 0.0
2024-09-06 00:42:27,366 - INFO - Starting grid search for q_learning agent
2024-09-06 00:42:27,437 - INFO - Parameters: {'learning_rate': 0.01, 'discount_factor': 0.9, 'epsilon': 0.1, 'epsilon_decay': 0.99}, Performance: 0.0
2024-09-06 00:42:27,503 - INFO - Parameters: {'learning_rate': 0.01, 'discount_factor': 0.9, 'epsilon': 0.1, 'epsilon_decay': 0.999}, Performance: 0.0
2024-09-06 00:42:27,567 - INFO - Parameters: {'learning_rate': 0.01, 'discount_factor': 0.9, 'epsilon': 0.2, 'epsilon_decay': 0.99}, Performance: 0.0
2024-09-06 00:42:27,626 - INFO - Parameters: {'learning_rate': 0.01, 'discount_factor': 0.9, 'epsilon': 0.2, 'epsilon_decay': 0.999}, Performance: 0.0
2024-09-06 00:42:27,688 - INFO - Parameters: {'learning_rate': 0.01, 'discount_factor': 0.99, 'epsilon': 0.1, 'epsilon_decay': 0.99}, Performance: 0.0
2024-09-06 00:42:27,750 - INFO - Parameters: {'learning_rate': 0.01, 'discount_factor': 0.99, 'epsilon': 0.1, 'epsilon_decay': 0.999}, Performance: 0.0
2024-09-06 00:42:27,808 - INFO - Parameters: {'learning_rate': 0.01, 'discount_factor': 0.99, 'epsilon': 0.2, 'epsilon_decay': 0.99}, Performance: 0.0
2024-09-06 00:42:27,871 - INFO - Parameters: {'learning_rate': 0.01, 'discount_factor': 0.99, 'epsilon': 0.2, 'epsilon_decay': 0.999}, Performance: 0.0
2024-09-06 00:42:27,938 - INFO - Parameters: {'learning_rate': 0.1, 'discount_factor': 0.9, 'epsilon': 0.1, 'epsilon_decay': 0.99}, Performance: 0.0
2024-09-06 00:42:27,999 - INFO - Parameters: {'learning_rate': 0.1, 'discount_factor': 0.9, 'epsilon': 0.1, 'epsilon_decay': 0.999}, Performance: 0.0
2024-09-06 00:42:28,056 - INFO - Parameters: {'learning_rate': 0.1, 'discount_factor': 0.9, 'epsilon': 0.2, 'epsilon_decay': 0.99}, Performance: 0.0
2024-09-06 00:42:28,114 - INFO - Parameters: {'learning_rate': 0.1, 'discount_factor': 0.9, 'epsilon': 0.2, 'epsilon_decay': 0.999}, Performance: 0.0
2024-09-06 00:42:28,180 - INFO - Parameters: {'learning_rate': 0.1, 'discount_factor': 0.99, 'epsilon': 0.1, 'epsilon_decay': 0.99}, Performance: 0.0
2024-09-06 00:42:28,248 - INFO - Parameters: {'learning_rate': 0.1, 'discount_factor': 0.99, 'epsilon': 0.1, 'epsilon_decay': 0.999}, Performance: 0.0
2024-09-06 00:42:28,311 - INFO - Parameters: {'learning_rate': 0.1, 'discount_factor': 0.99, 'epsilon': 0.2, 'epsilon_decay': 0.99}, Performance: 0.0
2024-09-06 00:42:28,369 - INFO - Parameters: {'learning_rate': 0.1, 'discount_factor': 0.99, 'epsilon': 0.2, 'epsilon_decay': 0.999}, Performance: 0.0
2024-09-06 00:42:28,369 - INFO - Grid search completed. Best parameters: {'learning_rate': 0.01, 'discount_factor': 0.9, 'epsilon': 0.1, 'epsilon_decay': 0.99}, Best performance: 0.0
2024-09-06 00:42:28,369 - INFO - Starting random search for q_learning agent
2024-09-06 00:42:28,429 - INFO - Parameters: {'learning_rate': 0.04344338265701407, 'discount_factor': 0.9182067805573819, 'epsilon': 0.3115639655315682, 'epsilon_decay': 0.9919052545532361}, Performance: 0.0
2024-09-06 00:42:28,495 - INFO - Parameters: {'learning_rate': 0.07536936192627958, 'discount_factor': 0.9166754563331927, 'epsilon': 0.26224871593063337, 'epsilon_decay': 0.9920972029527624}, Performance: 0.0
2024-09-06 00:42:28,549 - INFO - Parameters: {'learning_rate': 0.07799658188577735, 'discount_factor': 0.9405124139846583, 'epsilon': 0.47533405503743986, 'epsilon_decay': 0.9900873267767538}, Performance: 0.0
2024-09-06 00:42:28,607 - INFO - Parameters: {'learning_rate': 0.023955407575775366, 'discount_factor': 0.9088488879181498, 'epsilon': 0.11991616156299481, 'epsilon_decay': 0.9952105814424252}, Performance: 0.0
2024-09-06 00:42:28,662 - INFO - Parameters: {'learning_rate': 0.03347003112290655, 'discount_factor': 0.963735928470553, 'epsilon': 0.3976692912225185, 'epsilon_decay': 0.9917220192356347}, Performance: 0.0
2024-09-06 00:42:28,662 - INFO - Random search completed. Best parameters: {'learning_rate': 0.04344338265701407, 'discount_factor': 0.9182067805573819, 'epsilon': 0.3115639655315682, 'epsilon_decay': 0.9919052545532361}, Best performance: 0.0
2024-09-06 00:49:36,231 - INFO - Starting Bayesian optimization for q_learning agent
2024-09-06 00:49:36,305 - INFO - Trial 0: Parameters: {'learning_rate': 0.03240827589168257, 'discount_factor': 0.9004225314965343, 'epsilon': 0.18814504420038505, 'epsilon_decay': 0.9970198927333086}, Performance: 0.0
2024-09-06 00:49:36,382 - INFO - Trial 1: Parameters: {'learning_rate': 0.026425851766475727, 'discount_factor': 0.9227478157699192, 'epsilon': 0.46319120182107676, 'epsilon_decay': 0.9960067465438214}, Performance: 0.0
2024-09-06 00:49:36,449 - INFO - Trial 2: Parameters: {'learning_rate': 0.050415519276157485, 'discount_factor': 0.9235120628834931, 'epsilon': 0.4334524593304251, 'epsilon_decay': 0.9920600997261757}, Performance: 0.0
2024-09-06 00:49:36,521 - INFO - Trial 3: Parameters: {'learning_rate': 0.002962916111624424, 'discount_factor': 0.921733302472717, 'epsilon': 0.16539703053729396, 'epsilon_decay': 0.9956328272194603}, Performance: 0.0
2024-09-06 00:49:36,582 - INFO - Trial 4: Parameters: {'learning_rate': 0.0017790887632070287, 'discount_factor': 0.9614426800549342, 'epsilon': 0.27453533635623184, 'epsilon_decay': 0.9902353162685474}, Performance: 0.0
2024-09-06 00:49:36,583 - INFO - Bayesian optimization completed. Best parameters: {'learning_rate': 0.03240827589168257, 'discount_factor': 0.9004225314965343, 'epsilon': 0.18814504420038505, 'epsilon_decay': 0.9970198927333086}, Best performance: 0.0
2024-09-06 00:49:36,583 - INFO - Starting grid search for q_learning agent
2024-09-06 00:49:36,650 - INFO - Parameters: {'learning_rate': 0.01, 'discount_factor': 0.9, 'epsilon': 0.1, 'epsilon_decay': 0.99}, Performance: 0.0
2024-09-06 00:49:36,714 - INFO - Parameters: {'learning_rate': 0.01, 'discount_factor': 0.9, 'epsilon': 0.1, 'epsilon_decay': 0.999}, Performance: 0.0
2024-09-06 00:49:36,779 - INFO - Parameters: {'learning_rate': 0.01, 'discount_factor': 0.9, 'epsilon': 0.2, 'epsilon_decay': 0.99}, Performance: 0.0
2024-09-06 00:49:36,842 - INFO - Parameters: {'learning_rate': 0.01, 'discount_factor': 0.9, 'epsilon': 0.2, 'epsilon_decay': 0.999}, Performance: 0.0
2024-09-06 00:49:36,905 - INFO - Parameters: {'learning_rate': 0.01, 'discount_factor': 0.99, 'epsilon': 0.1, 'epsilon_decay': 0.99}, Performance: 0.0
2024-09-06 00:49:36,964 - INFO - Parameters: {'learning_rate': 0.01, 'discount_factor': 0.99, 'epsilon': 0.1, 'epsilon_decay': 0.999}, Performance: 0.0
2024-09-06 00:49:37,026 - INFO - Parameters: {'learning_rate': 0.01, 'discount_factor': 0.99, 'epsilon': 0.2, 'epsilon_decay': 0.99}, Performance: 0.0
2024-09-06 00:49:37,093 - INFO - Parameters: {'learning_rate': 0.01, 'discount_factor': 0.99, 'epsilon': 0.2, 'epsilon_decay': 0.999}, Performance: 0.0
2024-09-06 00:49:37,165 - INFO - Parameters: {'learning_rate': 0.1, 'discount_factor': 0.9, 'epsilon': 0.1, 'epsilon_decay': 0.99}, Performance: 0.0
2024-09-06 00:49:37,232 - INFO - Parameters: {'learning_rate': 0.1, 'discount_factor': 0.9, 'epsilon': 0.1, 'epsilon_decay': 0.999}, Performance: 0.0
2024-09-06 00:49:37,296 - INFO - Parameters: {'learning_rate': 0.1, 'discount_factor': 0.9, 'epsilon': 0.2, 'epsilon_decay': 0.99}, Performance: 0.0
2024-09-06 00:49:37,360 - INFO - Parameters: {'learning_rate': 0.1, 'discount_factor': 0.9, 'epsilon': 0.2, 'epsilon_decay': 0.999}, Performance: 0.0
2024-09-06 00:49:37,429 - INFO - Parameters: {'learning_rate': 0.1, 'discount_factor': 0.99, 'epsilon': 0.1, 'epsilon_decay': 0.99}, Performance: 0.0
2024-09-06 00:49:37,495 - INFO - Parameters: {'learning_rate': 0.1, 'discount_factor': 0.99, 'epsilon': 0.1, 'epsilon_decay': 0.999}, Performance: 0.0
2024-09-06 00:49:37,563 - INFO - Parameters: {'learning_rate': 0.1, 'discount_factor': 0.99, 'epsilon': 0.2, 'epsilon_decay': 0.99}, Performance: 0.0
2024-09-06 00:49:37,624 - INFO - Parameters: {'learning_rate': 0.1, 'discount_factor': 0.99, 'epsilon': 0.2, 'epsilon_decay': 0.999}, Performance: 0.0
2024-09-06 00:49:37,624 - INFO - Grid search completed. Best parameters: {'learning_rate': 0.01, 'discount_factor': 0.9, 'epsilon': 0.1, 'epsilon_decay': 0.99}, Best performance: 0.0
2024-09-06 00:49:37,625 - INFO - Starting random search for q_learning agent
2024-09-06 00:49:37,683 - INFO - Parameters: {'learning_rate': 0.06656142105594473, 'discount_factor': 0.9838769789001465, 'epsilon': 0.2782376920619414, 'epsilon_decay': 0.9922378070036497}, Performance: 0.0
2024-09-06 00:49:37,750 - INFO - Parameters: {'learning_rate': 0.08667162124916378, 'discount_factor': 0.9753487655966111, 'epsilon': 0.18126832581435437, 'epsilon_decay': 0.9930461302662935}, Performance: 0.0
2024-09-06 00:49:37,818 - INFO - Parameters: {'learning_rate': 0.05177909038342498, 'discount_factor': 0.9068391143021582, 'epsilon': 0.21300565991203163, 'epsilon_decay': 0.9983584811470784}, Performance: 0.0
2024-09-06 00:49:37,878 - INFO - Parameters: {'learning_rate': 0.0354717030644815, 'discount_factor': 0.9625896770747642, 'epsilon': 0.35443022426107007, 'epsilon_decay': 0.9974347400104178}, Performance: 0.0
2024-09-06 00:49:37,935 - INFO - Parameters: {'learning_rate': 0.0741825427480702, 'discount_factor': 0.9403188166413735, 'epsilon': 0.4950644922006311, 'epsilon_decay': 0.993902108149472}, Performance: 0.0
2024-09-06 00:49:37,935 - INFO - Random search completed. Best parameters: {'learning_rate': 0.06656142105594473, 'discount_factor': 0.9838769789001465, 'epsilon': 0.2782376920619414, 'epsilon_decay': 0.9922378070036497}, Best performance: 0.0
