2024-09-07 19:34:49,444 - INFO - Starting Bayesian optimization for q_learning agent
2024-09-07 19:34:49,551 - INFO - Trial 0: Parameters: {'learning_rate': 0.0052854836032937115, 'discount_factor': 0.9777887761357417, 'epsilon': 0.39824700471829755, 'epsilon_decay': 0.9959731242941792}, Performance: 0.0
2024-09-07 19:34:49,670 - INFO - Trial 1: Parameters: {'learning_rate': 0.002916399082431481, 'discount_factor': 0.9233018191451777, 'epsilon': 0.18741432512258355, 'epsilon_decay': 0.9951646171929879}, Performance: 0.0
2024-09-07 19:34:49,775 - INFO - Trial 2: Parameters: {'learning_rate': 0.0020365682563128254, 'discount_factor': 0.9660272306968113, 'epsilon': 0.21517601393224917, 'epsilon_decay': 0.9988802382225535}, Performance: 0.0
2024-09-07 19:34:49,879 - INFO - Trial 3: Parameters: {'learning_rate': 0.0075112045640765785, 'discount_factor': 0.9307787363216217, 'epsilon': 0.25816938786094173, 'epsilon_decay': 0.9942241627160706}, Performance: 0.0
2024-09-07 19:34:49,988 - INFO - Trial 4: Parameters: {'learning_rate': 0.0017910071580154283, 'discount_factor': 0.9020956804111289, 'epsilon': 0.36114243770414445, 'epsilon_decay': 0.990355820529206}, Performance: 0.0
2024-09-07 19:34:49,989 - INFO - Bayesian optimization completed. Best parameters: {'learning_rate': 0.0052854836032937115, 'discount_factor': 0.9777887761357417, 'epsilon': 0.39824700471829755, 'epsilon_decay': 0.9959731242941792}, Best performance: 0.0
2024-09-07 19:34:49,989 - INFO - Starting grid search for q_learning agent
2024-09-07 19:34:50,120 - INFO - Parameters: {'learning_rate': 0.01, 'discount_factor': 0.9, 'epsilon': 0.1, 'epsilon_decay': 0.99}, Performance: 0.0
2024-09-07 19:34:50,227 - INFO - Parameters: {'learning_rate': 0.01, 'discount_factor': 0.9, 'epsilon': 0.1, 'epsilon_decay': 0.999}, Performance: 0.0
2024-09-07 19:34:50,341 - INFO - Parameters: {'learning_rate': 0.01, 'discount_factor': 0.9, 'epsilon': 0.2, 'epsilon_decay': 0.99}, Performance: 0.0
2024-09-07 19:34:50,454 - INFO - Parameters: {'learning_rate': 0.01, 'discount_factor': 0.9, 'epsilon': 0.2, 'epsilon_decay': 0.999}, Performance: 0.0
2024-09-07 19:34:50,561 - INFO - Parameters: {'learning_rate': 0.01, 'discount_factor': 0.99, 'epsilon': 0.1, 'epsilon_decay': 0.99}, Performance: 0.0
2024-09-07 19:34:50,665 - INFO - Parameters: {'learning_rate': 0.01, 'discount_factor': 0.99, 'epsilon': 0.1, 'epsilon_decay': 0.999}, Performance: 0.0
2024-09-07 19:34:50,758 - INFO - Parameters: {'learning_rate': 0.01, 'discount_factor': 0.99, 'epsilon': 0.2, 'epsilon_decay': 0.99}, Performance: 0.0
2024-09-07 19:34:50,868 - INFO - Parameters: {'learning_rate': 0.01, 'discount_factor': 0.99, 'epsilon': 0.2, 'epsilon_decay': 0.999}, Performance: 0.0
2024-09-07 19:34:50,984 - INFO - Parameters: {'learning_rate': 0.1, 'discount_factor': 0.9, 'epsilon': 0.1, 'epsilon_decay': 0.99}, Performance: 0.0
2024-09-07 19:34:51,104 - INFO - Parameters: {'learning_rate': 0.1, 'discount_factor': 0.9, 'epsilon': 0.1, 'epsilon_decay': 0.999}, Performance: 0.0
2024-09-07 19:34:51,200 - INFO - Parameters: {'learning_rate': 0.1, 'discount_factor': 0.9, 'epsilon': 0.2, 'epsilon_decay': 0.99}, Performance: 0.0
2024-09-07 19:34:51,301 - INFO - Parameters: {'learning_rate': 0.1, 'discount_factor': 0.9, 'epsilon': 0.2, 'epsilon_decay': 0.999}, Performance: 0.0
2024-09-07 19:34:51,415 - INFO - Parameters: {'learning_rate': 0.1, 'discount_factor': 0.99, 'epsilon': 0.1, 'epsilon_decay': 0.99}, Performance: 0.0
2024-09-07 19:34:51,522 - INFO - Parameters: {'learning_rate': 0.1, 'discount_factor': 0.99, 'epsilon': 0.1, 'epsilon_decay': 0.999}, Performance: 0.0
2024-09-07 19:34:51,648 - INFO - Parameters: {'learning_rate': 0.1, 'discount_factor': 0.99, 'epsilon': 0.2, 'epsilon_decay': 0.99}, Performance: 0.0
2024-09-07 19:34:51,748 - INFO - Parameters: {'learning_rate': 0.1, 'discount_factor': 0.99, 'epsilon': 0.2, 'epsilon_decay': 0.999}, Performance: 0.0
2024-09-07 19:34:51,748 - INFO - Grid search completed. Best parameters: {'learning_rate': 0.01, 'discount_factor': 0.9, 'epsilon': 0.1, 'epsilon_decay': 0.99}, Best performance: 0.0
2024-09-07 19:34:51,749 - INFO - Starting random search for q_learning agent
2024-09-07 19:34:51,851 - INFO - Parameters: {'learning_rate': 0.011410315081539172, 'discount_factor': 0.93498987171224, 'epsilon': 0.49030662323345, 'epsilon_decay': 0.9931261109195193}, Performance: 0.0
2024-09-07 19:34:51,950 - INFO - Parameters: {'learning_rate': 0.02640469196106405, 'discount_factor': 0.9662952855051072, 'epsilon': 0.2804819466453877, 'epsilon_decay': 0.9989996064199765}, Performance: 0.0
2024-09-07 19:34:52,049 - INFO - Parameters: {'learning_rate': 0.04469608519492522, 'discount_factor': 0.973443147379231, 'epsilon': 0.22083781581401662, 'epsilon_decay': 0.9997517362900673}, Performance: 0.0
2024-09-07 19:34:52,159 - INFO - Parameters: {'learning_rate': 0.03528840173559631, 'discount_factor': 0.9877353164716035, 'epsilon': 0.11385611953119468, 'epsilon_decay': 0.9948665196135341}, Performance: 0.0
2024-09-07 19:34:52,290 - INFO - Parameters: {'learning_rate': 0.08275048128017153, 'discount_factor': 0.9357601523271757, 'epsilon': 0.24692099392828248, 'epsilon_decay': 0.9966528233650767}, Performance: 0.0
2024-09-07 19:34:52,290 - INFO - Random search completed. Best parameters: {'learning_rate': 0.011410315081539172, 'discount_factor': 0.93498987171224, 'epsilon': 0.49030662323345, 'epsilon_decay': 0.9931261109195193}, Best performance: 0.0
2024-09-07 19:37:13,352 - INFO - Starting Bayesian optimization for q_learning agent
2024-09-07 19:37:13,464 - INFO - Trial 0: Parameters: {'learning_rate': 0.01931395643643361, 'discount_factor': 0.9497544535895088, 'epsilon': 0.3499907869535384, 'epsilon_decay': 0.9934184193876603}, Performance: 0.0
2024-09-07 19:37:13,585 - INFO - Trial 1: Parameters: {'learning_rate': 0.015113448996819849, 'discount_factor': 0.9643665677641091, 'epsilon': 0.28138669141473127, 'epsilon_decay': 0.9958306293514073}, Performance: 0.0
2024-09-07 19:37:13,683 - INFO - Trial 2: Parameters: {'learning_rate': 0.010176074398101668, 'discount_factor': 0.9449997811791486, 'epsilon': 0.3349103632317183, 'epsilon_decay': 0.9962582638330215}, Performance: 0.0
2024-09-07 19:37:13,787 - INFO - Trial 3: Parameters: {'learning_rate': 0.013679235741891923, 'discount_factor': 0.9885561794247514, 'epsilon': 0.23844377498785146, 'epsilon_decay': 0.9947755064014938}, Performance: 0.0
2024-09-07 19:37:13,891 - INFO - Trial 4: Parameters: {'learning_rate': 0.02028143537227504, 'discount_factor': 0.9257556180375004, 'epsilon': 0.4297808910094917, 'epsilon_decay': 0.9936634565987171}, Performance: 0.0
2024-09-07 19:37:13,892 - INFO - Bayesian optimization completed. Best parameters: {'learning_rate': 0.01931395643643361, 'discount_factor': 0.9497544535895088, 'epsilon': 0.3499907869535384, 'epsilon_decay': 0.9934184193876603}, Best performance: 0.0
2024-09-07 19:37:13,892 - INFO - Starting grid search for q_learning agent
2024-09-07 19:37:14,036 - INFO - Parameters: {'learning_rate': 0.01, 'discount_factor': 0.9, 'epsilon': 0.1, 'epsilon_decay': 0.99}, Performance: 0.0
2024-09-07 19:37:14,149 - INFO - Parameters: {'learning_rate': 0.01, 'discount_factor': 0.9, 'epsilon': 0.1, 'epsilon_decay': 0.999}, Performance: 0.0
2024-09-07 19:37:14,257 - INFO - Parameters: {'learning_rate': 0.01, 'discount_factor': 0.9, 'epsilon': 0.2, 'epsilon_decay': 0.99}, Performance: 0.0
2024-09-07 19:37:14,363 - INFO - Parameters: {'learning_rate': 0.01, 'discount_factor': 0.9, 'epsilon': 0.2, 'epsilon_decay': 0.999}, Performance: 0.0
2024-09-07 19:37:14,465 - INFO - Parameters: {'learning_rate': 0.01, 'discount_factor': 0.99, 'epsilon': 0.1, 'epsilon_decay': 0.99}, Performance: 0.0
2024-09-07 19:37:14,586 - INFO - Parameters: {'learning_rate': 0.01, 'discount_factor': 0.99, 'epsilon': 0.1, 'epsilon_decay': 0.999}, Performance: 0.0
2024-09-07 19:37:14,690 - INFO - Parameters: {'learning_rate': 0.01, 'discount_factor': 0.99, 'epsilon': 0.2, 'epsilon_decay': 0.99}, Performance: 0.0
2024-09-07 19:37:14,797 - INFO - Parameters: {'learning_rate': 0.01, 'discount_factor': 0.99, 'epsilon': 0.2, 'epsilon_decay': 0.999}, Performance: 0.0
2024-09-07 19:37:14,898 - INFO - Parameters: {'learning_rate': 0.1, 'discount_factor': 0.9, 'epsilon': 0.1, 'epsilon_decay': 0.99}, Performance: 0.0
2024-09-07 19:37:14,999 - INFO - Parameters: {'learning_rate': 0.1, 'discount_factor': 0.9, 'epsilon': 0.1, 'epsilon_decay': 0.999}, Performance: 0.0
2024-09-07 19:37:15,097 - INFO - Parameters: {'learning_rate': 0.1, 'discount_factor': 0.9, 'epsilon': 0.2, 'epsilon_decay': 0.99}, Performance: 0.0
2024-09-07 19:37:15,201 - INFO - Parameters: {'learning_rate': 0.1, 'discount_factor': 0.9, 'epsilon': 0.2, 'epsilon_decay': 0.999}, Performance: 0.0
2024-09-07 19:37:15,300 - INFO - Parameters: {'learning_rate': 0.1, 'discount_factor': 0.99, 'epsilon': 0.1, 'epsilon_decay': 0.99}, Performance: 0.0
2024-09-07 19:37:15,409 - INFO - Parameters: {'learning_rate': 0.1, 'discount_factor': 0.99, 'epsilon': 0.1, 'epsilon_decay': 0.999}, Performance: 0.0
2024-09-07 19:37:15,509 - INFO - Parameters: {'learning_rate': 0.1, 'discount_factor': 0.99, 'epsilon': 0.2, 'epsilon_decay': 0.99}, Performance: 0.0
2024-09-07 19:37:15,612 - INFO - Parameters: {'learning_rate': 0.1, 'discount_factor': 0.99, 'epsilon': 0.2, 'epsilon_decay': 0.999}, Performance: 0.0
2024-09-07 19:37:15,612 - INFO - Grid search completed. Best parameters: {'learning_rate': 0.01, 'discount_factor': 0.9, 'epsilon': 0.1, 'epsilon_decay': 0.99}, Best performance: 0.0
2024-09-07 19:37:15,613 - INFO - Starting random search for q_learning agent
2024-09-07 19:37:15,723 - INFO - Parameters: {'learning_rate': 0.03503066732853535, 'discount_factor': 0.9272775401387473, 'epsilon': 0.18231104664952974, 'epsilon_decay': 0.9930945508713762}, Performance: 0.0
2024-09-07 19:37:15,821 - INFO - Parameters: {'learning_rate': 0.02766910069582849, 'discount_factor': 0.9097149020690998, 'epsilon': 0.3808774085330142, 'epsilon_decay': 0.9929949378080712}, Performance: 0.0
2024-09-07 19:37:15,915 - INFO - Parameters: {'learning_rate': 0.03209052166625945, 'discount_factor': 0.9691011386010421, 'epsilon': 0.4991133010505684, 'epsilon_decay': 0.9915150810942166}, Performance: 0.0
2024-09-07 19:37:16,006 - INFO - Parameters: {'learning_rate': 0.06167385779195129, 'discount_factor': 0.9248302049338729, 'epsilon': 0.3920821677147869, 'epsilon_decay': 0.9914988982796524}, Performance: 0.0
2024-09-07 19:37:16,110 - INFO - Parameters: {'learning_rate': 0.08630815711209722, 'discount_factor': 0.9162566676244268, 'epsilon': 0.22624162251106897, 'epsilon_decay': 0.9979259149306872}, Performance: 0.0
2024-09-07 19:37:16,111 - INFO - Random search completed. Best parameters: {'learning_rate': 0.03503066732853535, 'discount_factor': 0.9272775401387473, 'epsilon': 0.18231104664952974, 'epsilon_decay': 0.9930945508713762}, Best performance: 0.0
2024-09-07 19:39:32,935 - INFO - Starting Bayesian optimization for q_learning agent
2024-09-07 19:39:33,048 - INFO - Trial 0: Parameters: {'learning_rate': 0.022091583355845643, 'discount_factor': 0.9100095074072172, 'epsilon': 0.47447805625980644, 'epsilon_decay': 0.9948338903808651}, Performance: 0.0
2024-09-07 19:39:33,161 - INFO - Trial 1: Parameters: {'learning_rate': 0.013221178115744615, 'discount_factor': 0.9115259345992732, 'epsilon': 0.11708416882722977, 'epsilon_decay': 0.9945394841064584}, Performance: 0.0
2024-09-07 19:39:33,258 - INFO - Trial 2: Parameters: {'learning_rate': 0.04883246996097186, 'discount_factor': 0.9696408766623402, 'epsilon': 0.40568876566734136, 'epsilon_decay': 0.9943919440482937}, Performance: 0.0
2024-09-07 19:39:33,350 - INFO - Trial 3: Parameters: {'learning_rate': 0.0024812261780426947, 'discount_factor': 0.9328765432446393, 'epsilon': 0.23727554499946402, 'epsilon_decay': 0.9976264499956512}, Performance: 0.0
2024-09-07 19:39:33,466 - INFO - Trial 4: Parameters: {'learning_rate': 0.08127634310836154, 'discount_factor': 0.9687119219032071, 'epsilon': 0.17436665948869737, 'epsilon_decay': 0.9968277198648033}, Performance: 0.0
2024-09-07 19:39:33,467 - INFO - Bayesian optimization completed. Best parameters: {'learning_rate': 0.022091583355845643, 'discount_factor': 0.9100095074072172, 'epsilon': 0.47447805625980644, 'epsilon_decay': 0.9948338903808651}, Best performance: 0.0
2024-09-07 19:39:33,467 - INFO - Starting grid search for q_learning agent
2024-09-07 19:39:33,594 - INFO - Parameters: {'learning_rate': 0.01, 'discount_factor': 0.9, 'epsilon': 0.1, 'epsilon_decay': 0.99}, Performance: 0.0
2024-09-07 19:39:33,694 - INFO - Parameters: {'learning_rate': 0.01, 'discount_factor': 0.9, 'epsilon': 0.1, 'epsilon_decay': 0.999}, Performance: 0.0
2024-09-07 19:39:33,792 - INFO - Parameters: {'learning_rate': 0.01, 'discount_factor': 0.9, 'epsilon': 0.2, 'epsilon_decay': 0.99}, Performance: 0.0
2024-09-07 19:39:33,891 - INFO - Parameters: {'learning_rate': 0.01, 'discount_factor': 0.9, 'epsilon': 0.2, 'epsilon_decay': 0.999}, Performance: 0.0
2024-09-07 19:39:33,998 - INFO - Parameters: {'learning_rate': 0.01, 'discount_factor': 0.99, 'epsilon': 0.1, 'epsilon_decay': 0.99}, Performance: 0.0
2024-09-07 19:39:34,109 - INFO - Parameters: {'learning_rate': 0.01, 'discount_factor': 0.99, 'epsilon': 0.1, 'epsilon_decay': 0.999}, Performance: 0.0
2024-09-07 19:39:34,215 - INFO - Parameters: {'learning_rate': 0.01, 'discount_factor': 0.99, 'epsilon': 0.2, 'epsilon_decay': 0.99}, Performance: 0.0
2024-09-07 19:39:34,317 - INFO - Parameters: {'learning_rate': 0.01, 'discount_factor': 0.99, 'epsilon': 0.2, 'epsilon_decay': 0.999}, Performance: 0.0
2024-09-07 19:39:34,420 - INFO - Parameters: {'learning_rate': 0.1, 'discount_factor': 0.9, 'epsilon': 0.1, 'epsilon_decay': 0.99}, Performance: 0.0
2024-09-07 19:39:34,523 - INFO - Parameters: {'learning_rate': 0.1, 'discount_factor': 0.9, 'epsilon': 0.1, 'epsilon_decay': 0.999}, Performance: 0.0
2024-09-07 19:39:34,620 - INFO - Parameters: {'learning_rate': 0.1, 'discount_factor': 0.9, 'epsilon': 0.2, 'epsilon_decay': 0.99}, Performance: 0.0
2024-09-07 19:39:34,722 - INFO - Parameters: {'learning_rate': 0.1, 'discount_factor': 0.9, 'epsilon': 0.2, 'epsilon_decay': 0.999}, Performance: 0.0
2024-09-07 19:39:34,833 - INFO - Parameters: {'learning_rate': 0.1, 'discount_factor': 0.99, 'epsilon': 0.1, 'epsilon_decay': 0.99}, Performance: 0.0
2024-09-07 19:39:34,938 - INFO - Parameters: {'learning_rate': 0.1, 'discount_factor': 0.99, 'epsilon': 0.1, 'epsilon_decay': 0.999}, Performance: 0.0
2024-09-07 19:39:35,045 - INFO - Parameters: {'learning_rate': 0.1, 'discount_factor': 0.99, 'epsilon': 0.2, 'epsilon_decay': 0.99}, Performance: 0.0
2024-09-07 19:39:35,145 - INFO - Parameters: {'learning_rate': 0.1, 'discount_factor': 0.99, 'epsilon': 0.2, 'epsilon_decay': 0.999}, Performance: 0.0
2024-09-07 19:39:35,146 - INFO - Grid search completed. Best parameters: {'learning_rate': 0.01, 'discount_factor': 0.9, 'epsilon': 0.1, 'epsilon_decay': 0.99}, Best performance: 0.0
2024-09-07 19:39:35,146 - INFO - Starting random search for q_learning agent
2024-09-07 19:39:35,245 - INFO - Parameters: {'learning_rate': 0.08024631569592228, 'discount_factor': 0.94224139767212, 'epsilon': 0.3025394877887573, 'epsilon_decay': 0.9963059144264949}, Performance: 0.0
2024-09-07 19:39:35,336 - INFO - Parameters: {'learning_rate': 0.07453056255309098, 'discount_factor': 0.9877140027988814, 'epsilon': 0.2923460498440106, 'epsilon_decay': 0.9953628546028246}, Performance: 0.0
2024-09-07 19:39:35,423 - INFO - Parameters: {'learning_rate': 0.08918739056478224, 'discount_factor': 0.9560753040209314, 'epsilon': 0.2925265127589375, 'epsilon_decay': 0.9946152930940967}, Performance: 0.0
2024-09-07 19:39:35,523 - INFO - Parameters: {'learning_rate': 0.09180394928225603, 'discount_factor': 0.9772405575447632, 'epsilon': 0.11455817411603651, 'epsilon_decay': 0.9929817953790642}, Performance: 0.0
2024-09-07 19:39:35,624 - INFO - Parameters: {'learning_rate': 0.02794142408924066, 'discount_factor': 0.9898264815939039, 'epsilon': 0.19370246075247835, 'epsilon_decay': 0.996352991611749}, Performance: 0.0
2024-09-07 19:39:35,625 - INFO - Random search completed. Best parameters: {'learning_rate': 0.08024631569592228, 'discount_factor': 0.94224139767212, 'epsilon': 0.3025394877887573, 'epsilon_decay': 0.9963059144264949}, Best performance: 0.0
2024-09-08 02:33:07,676 - INFO - Starting Bayesian optimization for q_learning agent
2024-09-08 02:43:56,831 - INFO - Starting Bayesian optimization for q_learning agent
2024-09-08 02:43:56,927 - INFO - Trial 0: Parameters: {'learning_rate': 0.012364087044998938, 'discount_factor': 0.9819330599526661, 'epsilon': 0.22367492361086128, 'epsilon_decay': 0.9976968764391777}, Performance: 0.0
2024-09-08 02:43:57,028 - INFO - Trial 1: Parameters: {'learning_rate': 0.01628388685808816, 'discount_factor': 0.9637545227347101, 'epsilon': 0.1651478048239571, 'epsilon_decay': 0.9948815675036699}, Performance: 0.0
2024-09-08 02:43:57,123 - INFO - Trial 2: Parameters: {'learning_rate': 0.008810448637204014, 'discount_factor': 0.9432964803843895, 'epsilon': 0.20396934983257134, 'epsilon_decay': 0.9955757195870027}, Performance: 0.0
2024-09-08 02:43:57,211 - INFO - Trial 3: Parameters: {'learning_rate': 0.013290680550326716, 'discount_factor': 0.9091588499221487, 'epsilon': 0.22916632881594948, 'epsilon_decay': 0.9951256168510241}, Performance: 0.0
2024-09-08 02:43:57,316 - INFO - Trial 4: Parameters: {'learning_rate': 0.001389620522790051, 'discount_factor': 0.9187475541905831, 'epsilon': 0.2687785013167097, 'epsilon_decay': 0.9908509886538032}, Performance: 0.0
2024-09-08 02:43:57,316 - INFO - Bayesian optimization completed. Best parameters: {'learning_rate': 0.012364087044998938, 'discount_factor': 0.9819330599526661, 'epsilon': 0.22367492361086128, 'epsilon_decay': 0.9976968764391777}, Best performance: 0.0
2024-09-08 02:43:57,317 - INFO - Starting grid search for q_learning agent
2024-09-08 02:43:58,998 - INFO - Grid search completed. Best parameters: {'learning_rate': 0.01, 'discount_factor': 0.99, 'epsilon': 0.2, 'epsilon_decay': 0.999}, Best performance: 0.08
2024-09-08 02:43:58,999 - INFO - Starting random search for q_learning agent
2024-09-08 02:43:59,107 - INFO - Parameters: {'learning_rate': 0.0561075613662765, 'discount_factor': 0.955900913630929, 'epsilon': 0.4494973968624394, 'epsilon_decay': 0.9972723425657435}, Performance: 0.0
2024-09-08 02:43:59,231 - INFO - Parameters: {'learning_rate': 0.02294810638448184, 'discount_factor': 0.9122320852204288, 'epsilon': 0.40338225245837733, 'epsilon_decay': 0.999088312658404}, Performance: 0.0
2024-09-08 02:43:59,357 - INFO - Parameters: {'learning_rate': 0.02386712439819071, 'discount_factor': 0.9133324838584382, 'epsilon': 0.17506137564915863, 'epsilon_decay': 0.9957564497635087}, Performance: 0.0
2024-09-08 02:43:59,493 - INFO - Parameters: {'learning_rate': 0.040294913936353226, 'discount_factor': 0.9396093323947092, 'epsilon': 0.40804145332336195, 'epsilon_decay': 0.9993258008770766}, Performance: 0.0
2024-09-08 02:43:59,610 - INFO - Parameters: {'learning_rate': 0.012313482515241947, 'discount_factor': 0.977277308896305, 'epsilon': 0.1831797159345547, 'epsilon_decay': 0.9978624228353832}, Performance: 0.0
2024-09-08 02:43:59,611 - INFO - Random search completed. Best parameters: {'learning_rate': 0.0561075613662765, 'discount_factor': 0.955900913630929, 'epsilon': 0.4494973968624394, 'epsilon_decay': 0.9972723425657435}, Best performance: 0.0
2024-09-08 02:43:59,757 - INFO - Using categorical units to plot a list of strings that are all parsable as floats or dates. If these strings should be plotted as numbers, cast to the appropriate data type before plotting.
2024-09-08 02:43:59,763 - INFO - Using categorical units to plot a list of strings that are all parsable as floats or dates. If these strings should be plotted as numbers, cast to the appropriate data type before plotting.
2024-09-08 02:44:00,375 - INFO - Using categorical units to plot a list of strings that are all parsable as floats or dates. If these strings should be plotted as numbers, cast to the appropriate data type before plotting.
2024-09-08 02:44:00,378 - INFO - Using categorical units to plot a list of strings that are all parsable as floats or dates. If these strings should be plotted as numbers, cast to the appropriate data type before plotting.
2024-09-08 02:47:43,587 - INFO - Starting Bayesian optimization for q_learning agent
2024-09-08 02:47:43,680 - INFO - Trial 0: Parameters: {'learning_rate': 0.008755429022342791, 'discount_factor': 0.9599783534481433, 'epsilon': 0.3739535783571205, 'epsilon_decay': 0.9959310137783991}, Performance: 0.0
2024-09-08 02:47:43,796 - INFO - Trial 1: Parameters: {'learning_rate': 0.035846792538918634, 'discount_factor': 0.9398300931872895, 'epsilon': 0.4055671516094216, 'epsilon_decay': 0.9989039834285738}, Performance: 0.0
2024-09-08 02:47:43,908 - INFO - Trial 2: Parameters: {'learning_rate': 0.002259343450832484, 'discount_factor': 0.9025369385110847, 'epsilon': 0.16574378667347378, 'epsilon_decay': 0.9944704083236113}, Performance: 0.0
2024-09-08 02:47:44,018 - INFO - Trial 3: Parameters: {'learning_rate': 0.012138146871833259, 'discount_factor': 0.9170336119671576, 'epsilon': 0.4120337736065307, 'epsilon_decay': 0.9915986474450491}, Performance: 0.0
2024-09-08 02:47:44,121 - INFO - Trial 4: Parameters: {'learning_rate': 0.0737083309824752, 'discount_factor': 0.9232569634355537, 'epsilon': 0.186970757007821, 'epsilon_decay': 0.9944850012296591}, Performance: 0.0
2024-09-08 02:47:44,122 - INFO - Bayesian optimization completed. Best parameters: {'learning_rate': 0.008755429022342791, 'discount_factor': 0.9599783534481433, 'epsilon': 0.3739535783571205, 'epsilon_decay': 0.9959310137783991}, Best performance: 0.0
2024-09-08 02:47:44,122 - INFO - Starting grid search for q_learning agent
2024-09-08 02:47:45,972 - INFO - Grid search completed. Best parameters: {'learning_rate': 0.01, 'discount_factor': 0.99, 'epsilon': 0.1, 'epsilon_decay': 0.999}, Best performance: 0.08
2024-09-08 02:47:45,972 - INFO - Starting random search for q_learning agent
2024-09-08 02:47:46,081 - INFO - Parameters: {'learning_rate': 0.06038417221324261, 'discount_factor': 0.9479688933141681, 'epsilon': 0.4249058769190265, 'epsilon_decay': 0.997876395982275}, Performance: 0.0
2024-09-08 02:47:46,189 - INFO - Parameters: {'learning_rate': 0.016510973332021336, 'discount_factor': 0.9316552631801704, 'epsilon': 0.22864598424854043, 'epsilon_decay': 0.9959319696005208}, Performance: 0.0
2024-09-08 02:47:46,288 - INFO - Parameters: {'learning_rate': 0.023194147187454762, 'discount_factor': 0.9230382705409286, 'epsilon': 0.33741564133025054, 'epsilon_decay': 0.9937822283887076}, Performance: 0.0
2024-09-08 02:47:46,394 - INFO - Parameters: {'learning_rate': 0.09639756681785164, 'discount_factor': 0.9527470318007389, 'epsilon': 0.2619384260147125, 'epsilon_decay': 0.9992291337585313}, Performance: 0.0
2024-09-08 02:47:46,500 - INFO - Parameters: {'learning_rate': 0.04489323047451909, 'discount_factor': 0.9861902806329489, 'epsilon': 0.33585488027325155, 'epsilon_decay': 0.9925344953212666}, Performance: 0.0
2024-09-08 02:47:46,500 - INFO - Random search completed. Best parameters: {'learning_rate': 0.06038417221324261, 'discount_factor': 0.9479688933141681, 'epsilon': 0.4249058769190265, 'epsilon_decay': 0.997876395982275}, Best performance: 0.0
2024-09-08 02:47:46,581 - INFO - Using categorical units to plot a list of strings that are all parsable as floats or dates. If these strings should be plotted as numbers, cast to the appropriate data type before plotting.
2024-09-08 02:47:46,587 - INFO - Using categorical units to plot a list of strings that are all parsable as floats or dates. If these strings should be plotted as numbers, cast to the appropriate data type before plotting.
2024-09-08 02:47:47,188 - INFO - Using categorical units to plot a list of strings that are all parsable as floats or dates. If these strings should be plotted as numbers, cast to the appropriate data type before plotting.
2024-09-08 02:47:47,190 - INFO - Using categorical units to plot a list of strings that are all parsable as floats or dates. If these strings should be plotted as numbers, cast to the appropriate data type before plotting.
2024-09-08 02:54:13,404 - INFO - Starting Bayesian optimization for q_learning agent
2024-09-08 02:54:13,516 - INFO - Trial 0: Parameters: {'learning_rate': 0.00415354448593297, 'discount_factor': 0.9012962033454601, 'epsilon': 0.22235370011544223, 'epsilon_decay': 0.9972626371675442}, Performance: 0.0
2024-09-08 02:54:13,621 - INFO - Trial 1: Parameters: {'learning_rate': 0.02056166895258414, 'discount_factor': 0.9050848168135073, 'epsilon': 0.3326138602666822, 'epsilon_decay': 0.9926055475233798}, Performance: 0.0
2024-09-08 02:54:13,729 - INFO - Trial 2: Parameters: {'learning_rate': 0.0032491123326667203, 'discount_factor': 0.9404062898244026, 'epsilon': 0.1787765665057692, 'epsilon_decay': 0.9941330826358826}, Performance: 0.0
2024-09-08 02:54:13,818 - INFO - Trial 3: Parameters: {'learning_rate': 0.0022465147205027952, 'discount_factor': 0.9478454055698613, 'epsilon': 0.34327962122775585, 'epsilon_decay': 0.9910457972030016}, Performance: 0.0
2024-09-08 02:54:13,923 - INFO - Trial 4: Parameters: {'learning_rate': 0.001496194733894548, 'discount_factor': 0.9593582991261713, 'epsilon': 0.18720815814838654, 'epsilon_decay': 0.9956807997001939}, Performance: 0.0
2024-09-08 02:54:13,923 - INFO - Bayesian optimization completed. Best parameters: {'learning_rate': 0.00415354448593297, 'discount_factor': 0.9012962033454601, 'epsilon': 0.22235370011544223, 'epsilon_decay': 0.9972626371675442}, Best performance: 0.0
2024-09-08 02:54:13,924 - INFO - Starting grid search for q_learning agent
2024-09-08 02:54:15,693 - INFO - Grid search completed. Best parameters: {'learning_rate': 0.01, 'discount_factor': 0.9, 'epsilon': 0.1, 'epsilon_decay': 0.99}, Best performance: 0.0
2024-09-08 02:54:15,693 - INFO - Starting random search for q_learning agent
2024-09-08 02:54:15,798 - INFO - Parameters: {'learning_rate': 0.019354275085483874, 'discount_factor': 0.9141229469416161, 'epsilon': 0.4956389086065235, 'epsilon_decay': 0.9995719598092548}, Performance: 0.0
2024-09-08 02:54:15,895 - INFO - Parameters: {'learning_rate': 0.058281480577781875, 'discount_factor': 0.9588313166134409, 'epsilon': 0.4917528313085623, 'epsilon_decay': 0.9939368568827794}, Performance: 0.0
2024-09-08 02:54:15,998 - INFO - Parameters: {'learning_rate': 0.05905362277364596, 'discount_factor': 0.9261468970488163, 'epsilon': 0.14151026597567606, 'epsilon_decay': 0.9940439339730649}, Performance: 0.0
2024-09-08 02:54:16,099 - INFO - Parameters: {'learning_rate': 0.04513898410687054, 'discount_factor': 0.936106341235035, 'epsilon': 0.10070569835628684, 'epsilon_decay': 0.9917238486074423}, Performance: 0.0
2024-09-08 02:54:16,202 - INFO - Parameters: {'learning_rate': 0.003394778592339886, 'discount_factor': 0.9374305511526791, 'epsilon': 0.1623283340411474, 'epsilon_decay': 0.9947584571889508}, Performance: 0.0
2024-09-08 02:54:16,202 - INFO - Random search completed. Best parameters: {'learning_rate': 0.019354275085483874, 'discount_factor': 0.9141229469416161, 'epsilon': 0.4956389086065235, 'epsilon_decay': 0.9995719598092548}, Best performance: 0.0
2024-09-08 02:54:16,289 - INFO - Using categorical units to plot a list of strings that are all parsable as floats or dates. If these strings should be plotted as numbers, cast to the appropriate data type before plotting.
2024-09-08 02:54:16,298 - INFO - Using categorical units to plot a list of strings that are all parsable as floats or dates. If these strings should be plotted as numbers, cast to the appropriate data type before plotting.
2024-09-08 02:54:16,866 - INFO - Using categorical units to plot a list of strings that are all parsable as floats or dates. If these strings should be plotted as numbers, cast to the appropriate data type before plotting.
2024-09-08 02:54:16,872 - INFO - Using categorical units to plot a list of strings that are all parsable as floats or dates. If these strings should be plotted as numbers, cast to the appropriate data type before plotting.
2024-09-08 02:57:22,036 - INFO - Starting Bayesian optimization for q_learning agent
2024-09-08 02:57:22,132 - INFO - Trial 0: Parameters: {'learning_rate': 0.002335905069127033, 'discount_factor': 0.9011887408334235, 'epsilon': 0.3616373636526048, 'epsilon_decay': 0.9989811008954805}, Performance: 0.0
2024-09-08 02:57:22,240 - INFO - Trial 1: Parameters: {'learning_rate': 0.002813690307441551, 'discount_factor': 0.966125699199624, 'epsilon': 0.31386115129440945, 'epsilon_decay': 0.9990648925492823}, Performance: 0.0
2024-09-08 02:57:22,341 - INFO - Trial 2: Parameters: {'learning_rate': 0.05725955816203971, 'discount_factor': 0.9639890034053116, 'epsilon': 0.3655166168379439, 'epsilon_decay': 0.9940694759637493}, Performance: 0.0
2024-09-08 02:57:22,440 - INFO - Trial 3: Parameters: {'learning_rate': 0.07761160439955797, 'discount_factor': 0.937936116680783, 'epsilon': 0.3406001486528032, 'epsilon_decay': 0.9944755089057369}, Performance: 0.0
2024-09-08 02:57:22,549 - INFO - Trial 4: Parameters: {'learning_rate': 0.019392483909852643, 'discount_factor': 0.9498997920219396, 'epsilon': 0.10734382509935769, 'epsilon_decay': 0.9968542777167954}, Performance: 0.0
2024-09-08 02:57:22,549 - INFO - Bayesian optimization completed. Best parameters: {'learning_rate': 0.002335905069127033, 'discount_factor': 0.9011887408334235, 'epsilon': 0.3616373636526048, 'epsilon_decay': 0.9989811008954805}, Best performance: 0.0
2024-09-08 02:57:22,549 - INFO - Starting grid search for q_learning agent
2024-09-08 02:57:24,308 - INFO - Grid search completed. Best parameters: {'learning_rate': 0.01, 'discount_factor': 0.9, 'epsilon': 0.1, 'epsilon_decay': 0.99}, Best performance: 0.0
2024-09-08 02:57:24,308 - INFO - Starting random search for q_learning agent
2024-09-08 02:57:24,416 - INFO - Parameters: {'learning_rate': 0.03677830699699744, 'discount_factor': 0.988708971952005, 'epsilon': 0.13584911262587004, 'epsilon_decay': 0.9942561323778077}, Performance: 0.0
2024-09-08 02:57:24,511 - INFO - Parameters: {'learning_rate': 0.03163631560906376, 'discount_factor': 0.9284252025032498, 'epsilon': 0.20538493912318187, 'epsilon_decay': 0.9948556048951935}, Performance: 0.0
2024-09-08 02:57:24,614 - INFO - Parameters: {'learning_rate': 0.07803065681458068, 'discount_factor': 0.9127348751395467, 'epsilon': 0.3838063467919496, 'epsilon_decay': 0.9919800281008065}, Performance: 0.0
2024-09-08 02:57:24,719 - INFO - Parameters: {'learning_rate': 0.06290816025517713, 'discount_factor': 0.9595566500535968, 'epsilon': 0.3477043465934556, 'epsilon_decay': 0.9976270423798007}, Performance: 0.0
2024-09-08 02:57:24,817 - INFO - Parameters: {'learning_rate': 0.02712183156608667, 'discount_factor': 0.9493672191615514, 'epsilon': 0.12283588892663362, 'epsilon_decay': 0.9913144031880491}, Performance: 0.0
2024-09-08 02:57:24,817 - INFO - Random search completed. Best parameters: {'learning_rate': 0.03677830699699744, 'discount_factor': 0.988708971952005, 'epsilon': 0.13584911262587004, 'epsilon_decay': 0.9942561323778077}, Best performance: 0.0
2024-09-08 02:57:24,888 - INFO - Using categorical units to plot a list of strings that are all parsable as floats or dates. If these strings should be plotted as numbers, cast to the appropriate data type before plotting.
2024-09-08 02:57:24,896 - INFO - Using categorical units to plot a list of strings that are all parsable as floats or dates. If these strings should be plotted as numbers, cast to the appropriate data type before plotting.
2024-09-08 02:57:25,467 - INFO - Using categorical units to plot a list of strings that are all parsable as floats or dates. If these strings should be plotted as numbers, cast to the appropriate data type before plotting.
2024-09-08 02:57:25,470 - INFO - Using categorical units to plot a list of strings that are all parsable as floats or dates. If these strings should be plotted as numbers, cast to the appropriate data type before plotting.
